\BOOKMARK [0][-]{dummy.1}{\376\377\000A\000b\000s\000t\000r\000a\000c\000t}{}% 1
\BOOKMARK [0][-]{dummy.2}{\376\377\000C\000o\000n\000t\000e\000n\000t\000s}{}% 2
\BOOKMARK [0][-]{dummy.4}{\376\377\000L\000i\000s\000t\000\040\000o\000f\000\040\000F\000i\000g\000u\000r\000e\000s}{}% 3
\BOOKMARK [0][-]{dummy.6}{\376\377\000L\000i\000s\000t\000\040\000o\000f\000\040\000T\000a\000b\000l\000e\000s}{}% 4
\BOOKMARK [0][-]{chapter.8}{\376\377\0001\000\040\000I\000n\000t\000r\000o\000d\000u\000c\000t\000i\000o\000n}{}% 5
\BOOKMARK [1][-]{section.9}{\376\377\0001\000.\0001\000\040\000P\000r\000o\000j\000e\000c\000t\000\040\000a\000i\000m}{chapter.8}% 6
\BOOKMARK [1][-]{section.13}{\376\377\0001\000.\0002\000\040\000O\000u\000t\000l\000i\000n\000e}{chapter.8}% 7
\BOOKMARK [0][-]{chapter.20}{\376\377\0002\000\040\000B\000a\000c\000k\000g\000r\000o\000u\000n\000d\000\040\000R\000e\000s\000e\000a\000r\000c\000h}{}% 8
\BOOKMARK [1][-]{section.21}{\376\377\0002\000.\0001\000\040\000M\000o\000d\000e\000r\000n\000\040\000p\000u\000b\000l\000i\000s\000h\000i\000n\000g\000\040\000m\000o\000d\000e\000l\000s\000\040\000e\000x\000a\000m\000p\000l\000e}{chapter.20}% 9
\BOOKMARK [1][-]{section.23}{\376\377\0002\000.\0002\000\040\000B\000l\000o\000c\000k\000c\000h\000a\000i\000n}{chapter.20}% 10
\BOOKMARK [2][-]{subsection.24}{\376\377\0002\000.\0002\000.\0001\000\040\000T\000e\000c\000h\000n\000o\000l\000o\000g\000y}{section.23}% 11
\BOOKMARK [2][-]{subsection.25}{\376\377\0002\000.\0002\000.\0002\000\040\000E\000t\000h\000e\000r\000e\000u\000m}{section.23}% 12
\BOOKMARK [0][-]{chapter.27}{\376\377\0003\000\040\000D\000e\000s\000i\000g\000n}{}% 13
\BOOKMARK [1][-]{section.29}{\376\377\0003\000.\0001\000\040\000R\000e\000q\000u\000i\000r\000e\000m\000e\000n\000t\000s}{chapter.27}% 14
\BOOKMARK [1][-]{section.31}{\376\377\0003\000.\0002\000\040\000D\000a\000t\000a\000\040\000s\000t\000r\000u\000c\000t\000u\000r\000e}{chapter.27}% 15
\BOOKMARK [1][-]{section.32}{\376\377\0003\000.\0003\000\040\000S\000m\000a\000r\000t\000\040\000C\000o\000n\000t\000r\000a\000c\000t}{chapter.27}% 16
\BOOKMARK [1][-]{section.34}{\376\377\0003\000.\0004\000\040\000T\000h\000e\000\040\000S\000m\000a\000r\000t\000\040\000P\000a\000p\000e\000r\000\040\000w\000o\000r\000k\000f\000l\000o\000w\000\040\000i\000n\000\040\000E\000t\000h\000e\000r\000e\000u\000m}{chapter.27}% 17
\BOOKMARK [0][-]{chapter.35}{\376\377\0004\000\040\000I\000m\000p\000l\000e\000m\000e\000n\000t\000a\000t\000i\000o\000n}{}% 18
\BOOKMARK [1][-]{section.36}{\376\377\0004\000.\0001\000\040\000N\000e\000w\000\040\000w\000e\000b\000\040\000s\000e\000r\000v\000i\000c\000e}{chapter.35}% 19
\BOOKMARK [1][-]{section.39}{\376\377\0004\000.\0002\000\040\000D\000e\000v\000e\000l\000o\000p\000m\000e\000n\000t\000\040\000w\000o\000r\000k\000f\000l\000o\000w}{chapter.35}% 20
\BOOKMARK [1][-]{section.41}{\376\377\0004\000.\0003\000\040\000W\000o\000r\000k\000s\000p\000a\000c\000e\000\040\000s\000e\000t\000u\000p}{chapter.35}% 21
\BOOKMARK [1][-]{section.42}{\376\377\0004\000.\0004\000\040\000T\000h\000e\000\040\000P\000a\000p\000e\000r\000\040\000c\000o\000n\000t\000r\000a\000c\000t}{chapter.35}% 22
\BOOKMARK [2][-]{subsection.43}{\376\377\0004\000.\0004\000.\0001\000\040\000S\000o\000u\000r\000c\000e\000\040\000c\000o\000d\000e}{section.42}% 23
\BOOKMARK [1][-]{section.157}{\376\377\0004\000.\0005\000\040\000C\000o\000m\000p\000i\000l\000e\000,\000\040\000T\000e\000s\000t\000,\000\040\000D\000e\000p\000l\000o\000y}{chapter.35}% 24
\BOOKMARK [2][-]{subsection.158}{\376\377\0004\000.\0005\000.\0001\000\040\000C\000o\000m\000p\000i\000l\000e}{section.157}% 25
\BOOKMARK [2][-]{subsection.160}{\376\377\0004\000.\0005\000.\0002\000\040\000T\000e\000s\000t}{section.157}% 26
\BOOKMARK [2][-]{subsection.162}{\376\377\0004\000.\0005\000.\0003\000\040\000D\000e\000p\000l\000o\000y}{section.157}% 27
\BOOKMARK [2][-]{subsection.164}{\376\377\0004\000.\0005\000.\0004\000\040\000C\000o\000n\000t\000i\000n\000u\000e\000s\000\040\000I\000n\000t\000e\000g\000r\000a\000t\000i\000o\000n}{section.157}% 28
\BOOKMARK [1][-]{section.166}{\376\377\0004\000.\0006\000\040\000C\000l\000i\000e\000n\000t\000\040\000d\000e\000v\000e\000l\000o\000p\000m\000e\000n\000t}{chapter.35}% 29
\BOOKMARK [0][-]{chapter.169}{\376\377\0005\000\040\000E\000v\000a\000l\000u\000a\000t\000i\000o\000n}{}% 30
\BOOKMARK [1][-]{section.170}{\376\377\0005\000.\0001\000\040\000C\000o\000s\000t\000\040\000a\000n\000a\000l\000y\000s\000i\000s}{chapter.169}% 31
\BOOKMARK [2][-]{subsection.171}{\376\377\0005\000.\0001\000.\0001\000\040\000E\000c\000o\000s\000y\000s\000t\000e\000m\000\040\000i\000n\000\040\000e\000t\000h\000e\000r\000e\000u\000m}{section.170}% 32
\BOOKMARK [3][-]{subsubsection.172}{\376\377\0005\000.\0001\000.\0001\000.\0001\000\040\000G\000a\000s}{subsection.171}% 33
\BOOKMARK [3][-]{subsubsection.173}{\376\377\0005\000.\0001\000.\0001\000.\0002\000\040\000G\000a\000s\000\040\000p\000r\000i\000c\000e}{subsection.171}% 34
\BOOKMARK [3][-]{subsubsection.175}{\376\377\0005\000.\0001\000.\0001\000.\0003\000\040\000G\000a\000s\000\040\000l\000i\000m\000i\000t}{subsection.171}% 35
\BOOKMARK [2][-]{subsection.176}{\376\377\0005\000.\0001\000.\0002\000\040\000V\000i\000s\000u\000a\000l\000i\000z\000a\000t\000i\000o\000n\000\040\000a\000n\000d\000\040\000a\000n\000a\000l\000y\000s\000i\000s}{section.170}% 36
\BOOKMARK [3][-]{subsubsection.177}{\376\377\0005\000.\0001\000.\0002\000.\0001\000\040\000T\000h\000e\000\040\000c\000o\000s\000t\000\040\000o\000f\000\040\000c\000r\000e\000a\000t\000i\000n\000g\000\040\000a\000\040\000n\000e\000w\000\040\000p\000a\000p\000e\000r}{subsection.176}% 37
\BOOKMARK [3][-]{subsubsection.188}{\376\377\0005\000.\0001\000.\0002\000.\0002\000\040\000T\000h\000e\000\040\000c\000o\000s\000t\000\040\000o\000f\000\040\000p\000u\000b\000l\000i\000s\000i\000n\000g\000\040\000a\000\040\000n\000e\000w\000\040\000v\000e\000r\000s\000i\000o\000n}{subsection.176}% 38
\BOOKMARK [3][-]{subsubsection.201}{\376\377\0005\000.\0001\000.\0002\000.\0003\000\040\000t\000h\000e\000\040\000c\000o\000s\000t\000\040\000o\000f\000\040\000a\000p\000p\000r\000o\000v\000e\000\040\000a\000\040\000v\000e\000r\000s\000i\000o\000n}{subsection.176}% 39
\BOOKMARK [3][-]{subsubsection.226}{\376\377\0005\000.\0001\000.\0002\000.\0004\000\040\000R\000e\000s\000u\000l\000t}{subsection.176}% 40
\BOOKMARK [1][-]{section.227}{\376\377\0005\000.\0002\000\040\000P\000r\000o\000j\000e\000c\000t\000\040\000M\000a\000n\000a\000g\000e\000m\000e\000n\000t}{chapter.169}% 41
\BOOKMARK [2][-]{subsection.228}{\376\377\0005\000.\0002\000.\0001\000\040\000O\000p\000e\000n\000\040\000s\000o\000u\000r\000c\000e}{section.227}% 42
\BOOKMARK [2][-]{subsection.229}{\376\377\0005\000.\0002\000.\0002\000\040\000R\000i\000s\000k\000\040\000m\000a\000n\000a\000g\000e\000m\000e\000n\000t}{section.227}% 43
\BOOKMARK [0][-]{chapter.232}{\376\377\0006\000\040\000D\000i\000s\000c\000u\000s\000s\000i\000o\000n}{}% 44
\BOOKMARK [1][-]{section.233}{\376\377\0006\000.\0001\000\040\000D\000e\000v\000e\000l\000o\000p\000e\000r\000\040\000e\000x\000p\000e\000r\000i\000e\000n\000c\000e}{chapter.232}% 45
\BOOKMARK [1][-]{section.234}{\376\377\0006\000.\0002\000\040\000C\000o\000s\000t\000\040\000f\000o\000r\000\040\000a\000\040\000d\000e\000c\000e\000n\000t\000r\000a\000l\000i\000z\000e\000d\000\040\000a\000p\000p\000l\000i\000c\000a\000t\000i\000o\000n}{chapter.232}% 46
\BOOKMARK [1][-]{section.236}{\376\377\0006\000.\0003\000\040\000B\000l\000o\000c\000k\000c\000h\000a\000i\000n\000\040\000c\000o\000n\000s\000t\000r\000a\000i\000n\000t\000s}{chapter.232}% 47
\BOOKMARK [1][-]{section.237}{\376\377\0006\000.\0004\000\040\000T\000o\000k\000e\000n\000\040\000E\000c\000o\000n\000o\000m\000i\000e\000s}{chapter.232}% 48
\BOOKMARK [0][-]{chapter.239}{\376\377\0007\000\040\000C\000o\000n\000c\000l\000u\000s\000i\000o\000n}{}% 49
\BOOKMARK [1][-]{section.240}{\376\377\0007\000.\0001\000\040\000S\000u\000m\000m\000a\000r\000y}{chapter.239}% 50
\BOOKMARK [1][-]{section.241}{\376\377\0007\000.\0002\000\040\000F\000u\000t\000u\000r\000e\000\040\000d\000e\000v\000e\000l\000o\000p\000m\000e\000n\000t}{chapter.239}% 51
\BOOKMARK [0][-]{chapter.242}{\376\377\0008\000\040\000S\000t\000a\000t\000e\000m\000e\000n\000t}{}% 52
\BOOKMARK [0][-]{dummy.244}{\376\377\000B\000i\000b\000l\000i\000o\000g\000r\000a\000p\000h\000y}{}% 53
