2018-08-13 17:54:47: Error: Cannot find module 'typedarray-to-buffer'
    at Function.Module._resolveFilename (module.js:547:15)
    at Function.Module._load (module.js:474:25)
    at Module.require (module.js:596:17)
    at require (internal/module.js:11:18)
    at Object.<anonymous> (/home/user/Ethereum-Paper-Publish/node_modules/web3-providers-ws/node_modules/websocket/lib/W3CWebSocket.js:18:16)
    at Module._compile (module.js:652:30)
    at Object.Module._extensions..js (module.js:663:10)
    at Module.load (module.js:565:32)
    at tryModuleLoad (module.js:505:12)
    at Function.Module._load (module.js:497:3)
2018-08-13 17:54:47: Error: Cannot find module 'typedarray-to-buffer'
    at Function.Module._resolveFilename (module.js:547:15)
    at Function.Module._load (module.js:474:25)
    at Module.require (module.js:596:17)
    at require (internal/module.js:11:18)
    at Object.<anonymous> (/home/user/Ethereum-Paper-Publish/node_modules/web3-providers-ws/node_modules/websocket/lib/W3CWebSocket.js:18:16)
    at Module._compile (module.js:652:30)
    at Object.Module._extensions..js (module.js:663:10)
    at Module.load (module.js:565:32)
    at tryModuleLoad (module.js:505:12)
    at Function.Module._load (module.js:497:3)
2018-08-13 18:01:14: (node:8038) MaxListenersExceededWarning: Possible EventEmitter memory leak detected. 11 data listeners added. Use emitter.setMaxListeners() to increase limit
2018-08-13 18:01:14: (node:8033) MaxListenersExceededWarning: Possible EventEmitter memory leak detected. 11 data listeners added. Use emitter.setMaxListeners() to increase limit
2018-08-13 18:01:14: (node:8038) MaxListenersExceededWarning: Possible EventEmitter memory leak detected. 11 data listeners added. Use emitter.setMaxListeners() to increase limit
2018-08-13 18:01:14: (node:8033) MaxListenersExceededWarning: Possible EventEmitter memory leak detected. 11 data listeners added. Use emitter.setMaxListeners() to increase limit
2018-08-13 18:01:14: (node:8038) MaxListenersExceededWarning: Possible EventEmitter memory leak detected. 11 data listeners added. Use emitter.setMaxListeners() to increase limit
2018-08-13 18:01:14: (node:8033) MaxListenersExceededWarning: Possible EventEmitter memory leak detected. 11 data listeners added. Use emitter.setMaxListeners() to increase limit
2018-08-13 18:01:15: (node:8038) MaxListenersExceededWarning: Possible EventEmitter memory leak detected. 11 data listeners added. Use emitter.setMaxListeners() to increase limit
2018-08-13 18:01:15: (node:8033) MaxListenersExceededWarning: Possible EventEmitter memory leak detected. 11 data listeners added. Use emitter.setMaxListeners() to increase limit
2018-08-13 18:01:15: (node:8038) MaxListenersExceededWarning: Possible EventEmitter memory leak detected. 11 data listeners added. Use emitter.setMaxListeners() to increase limit
2018-08-13 18:01:15: (node:8033) MaxListenersExceededWarning: Possible EventEmitter memory leak detected. 11 data listeners added. Use emitter.setMaxListeners() to increase limit
2018-08-13 18:01:15: (node:8038) MaxListenersExceededWarning: Possible EventEmitter memory leak detected. 11 data listeners added. Use emitter.setMaxListeners() to increase limit
2018-08-13 18:01:15: (node:8033) MaxListenersExceededWarning: Possible EventEmitter memory leak detected. 11 data listeners added. Use emitter.setMaxListeners() to increase limit
2018-08-13 18:01:15: (node:8038) MaxListenersExceededWarning: Possible EventEmitter memory leak detected. 11 data listeners added. Use emitter.setMaxListeners() to increase limit
2018-08-13 18:01:15: (node:8033) MaxListenersExceededWarning: Possible EventEmitter memory leak detected. 11 data listeners added. Use emitter.setMaxListeners() to increase limit
2018-08-13 18:01:15: (node:8038) MaxListenersExceededWarning: Possible EventEmitter memory leak detected. 11 data listeners added. Use emitter.setMaxListeners() to increase limit
2018-08-13 18:01:15: (node:8033) MaxListenersExceededWarning: Possible EventEmitter memory leak detected. 11 data listeners added. Use emitter.setMaxListeners() to increase limit
2018-08-13 18:01:16: (node:8038) MaxListenersExceededWarning: Possible EventEmitter memory leak detected. 11 data listeners added. Use emitter.setMaxListeners() to increase limit
2018-08-13 18:01:16: (node:8033) MaxListenersExceededWarning: Possible EventEmitter memory leak detected. 11 data listeners added. Use emitter.setMaxListeners() to increase limit
2018-08-13 18:01:16: (node:8033) MaxListenersExceededWarning: Possible EventEmitter memory leak detected. 11 data listeners added. Use emitter.setMaxListeners() to increase limit
2018-08-13 18:01:16: (node:8038) MaxListenersExceededWarning: Possible EventEmitter memory leak detected. 11 data listeners added. Use emitter.setMaxListeners() to increase limit
2018-08-13 18:01:16: (node:8038) MaxListenersExceededWarning: Possible EventEmitter memory leak detected. 11 data listeners added. Use emitter.setMaxListeners() to increase limit
2018-08-13 18:01:16: (node:8033) MaxListenersExceededWarning: Possible EventEmitter memory leak detected. 11 data listeners added. Use emitter.setMaxListeners() to increase limit
2018-08-13 18:01:16: (node:8033) MaxListenersExceededWarning: Possible EventEmitter memory leak detected. 11 data listeners added. Use emitter.setMaxListeners() to increase limit
2018-08-13 18:01:16: (node:8038) MaxListenersExceededWarning: Possible EventEmitter memory leak detected. 11 data listeners added. Use emitter.setMaxListeners() to increase limit
2018-08-13 18:01:17: (node:8038) MaxListenersExceededWarning: Possible EventEmitter memory leak detected. 11 data listeners added. Use emitter.setMaxListeners() to increase limit
2018-08-13 18:01:17: (node:8033) MaxListenersExceededWarning: Possible EventEmitter memory leak detected. 11 data listeners added. Use emitter.setMaxListeners() to increase limit
2018-08-13 18:01:17: (node:8038) MaxListenersExceededWarning: Possible EventEmitter memory leak detected. 11 data listeners added. Use emitter.setMaxListeners() to increase limit
2018-08-13 18:01:17: (node:8033) MaxListenersExceededWarning: Possible EventEmitter memory leak detected. 11 data listeners added. Use emitter.setMaxListeners() to increase limit
2018-08-13 18:01:17: (node:8038) MaxListenersExceededWarning: Possible EventEmitter memory leak detected. 11 data listeners added. Use emitter.setMaxListeners() to increase limit
2018-08-13 18:01:17: (node:8033) MaxListenersExceededWarning: Possible EventEmitter memory leak detected. 11 data listeners added. Use emitter.setMaxListeners() to increase limit
2018-08-13 18:01:18: (node:8038) MaxListenersExceededWarning: Possible EventEmitter memory leak detected. 11 data listeners added. Use emitter.setMaxListeners() to increase limit
2018-08-13 18:01:18: (node:8033) MaxListenersExceededWarning: Possible EventEmitter memory leak detected. 11 data listeners added. Use emitter.setMaxListeners() to increase limit
2018-08-13 18:01:18: (node:8033) MaxListenersExceededWarning: Possible EventEmitter memory leak detected. 11 data listeners added. Use emitter.setMaxListeners() to increase limit
2018-08-13 18:01:19: (node:8038) MaxListenersExceededWarning: Possible EventEmitter memory leak detected. 11 data listeners added. Use emitter.setMaxListeners() to increase limit
2018-08-13 18:02:05: (node:8033) MaxListenersExceededWarning: Possible EventEmitter memory leak detected. 11 data listeners added. Use emitter.setMaxListeners() to increase limit
2018-08-13 18:02:06: (node:8033) MaxListenersExceededWarning: Possible EventEmitter memory leak detected. 11 data listeners added. Use emitter.setMaxListeners() to increase limit
2018-08-13 18:02:06: (node:8038) MaxListenersExceededWarning: Possible EventEmitter memory leak detected. 11 data listeners added. Use emitter.setMaxListeners() to increase limit
2018-08-13 18:02:07: (node:8038) MaxListenersExceededWarning: Possible EventEmitter memory leak detected. 11 data listeners added. Use emitter.setMaxListeners() to increase limit
2018-08-13 18:02:07: (node:8033) MaxListenersExceededWarning: Possible EventEmitter memory leak detected. 11 data listeners added. Use emitter.setMaxListeners() to increase limit
2018-08-13 18:02:08: (node:8033) MaxListenersExceededWarning: Possible EventEmitter memory leak detected. 11 data listeners added. Use emitter.setMaxListeners() to increase limit
2018-08-13 18:02:08: (node:8038) MaxListenersExceededWarning: Possible EventEmitter memory leak detected. 11 data listeners added. Use emitter.setMaxListeners() to increase limit
2018-08-13 18:02:09: (node:8038) MaxListenersExceededWarning: Possible EventEmitter memory leak detected. 11 data listeners added. Use emitter.setMaxListeners() to increase limit
2018-08-13 18:02:09: (node:8033) MaxListenersExceededWarning: Possible EventEmitter memory leak detected. 11 data listeners added. Use emitter.setMaxListeners() to increase limit
2018-08-13 18:02:10: (node:8033) MaxListenersExceededWarning: Possible EventEmitter memory leak detected. 11 data listeners added. Use emitter.setMaxListeners() to increase limit
2018-08-13 18:02:10: (node:8038) MaxListenersExceededWarning: Possible EventEmitter memory leak detected. 11 data listeners added. Use emitter.setMaxListeners() to increase limit
2018-08-13 18:02:10: (node:8033) MaxListenersExceededWarning: Possible EventEmitter memory leak detected. 11 data listeners added. Use emitter.setMaxListeners() to increase limit
2018-08-13 18:02:11: (node:8033) MaxListenersExceededWarning: Possible EventEmitter memory leak detected. 11 data listeners added. Use emitter.setMaxListeners() to increase limit
2018-08-13 18:02:11: (node:8033) MaxListenersExceededWarning: Possible EventEmitter memory leak detected. 11 data listeners added. Use emitter.setMaxListeners() to increase limit
2018-08-13 18:02:11: (node:8038) MaxListenersExceededWarning: Possible EventEmitter memory leak detected. 11 data listeners added. Use emitter.setMaxListeners() to increase limit
2018-08-13 18:02:11: (node:8033) MaxListenersExceededWarning: Possible EventEmitter memory leak detected. 11 data listeners added. Use emitter.setMaxListeners() to increase limit
2018-08-13 18:02:12: (node:8038) MaxListenersExceededWarning: Possible EventEmitter memory leak detected. 11 data listeners added. Use emitter.setMaxListeners() to increase limit
2018-08-13 18:02:12: (node:8033) MaxListenersExceededWarning: Possible EventEmitter memory leak detected. 11 data listeners added. Use emitter.setMaxListeners() to increase limit
2018-08-13 18:02:12: (node:8033) MaxListenersExceededWarning: Possible EventEmitter memory leak detected. 11 data listeners added. Use emitter.setMaxListeners() to increase limit
2018-08-13 18:02:12: (node:8033) MaxListenersExceededWarning: Possible EventEmitter memory leak detected. 11 data listeners added. Use emitter.setMaxListeners() to increase limit
2018-08-13 18:02:12: (node:8038) MaxListenersExceededWarning: Possible EventEmitter memory leak detected. 11 data listeners added. Use emitter.setMaxListeners() to increase limit
2018-08-13 18:02:12: (node:8038) MaxListenersExceededWarning: Possible EventEmitter memory leak detected. 11 data listeners added. Use emitter.setMaxListeners() to increase limit
2018-08-13 18:02:12: (node:8033) MaxListenersExceededWarning: Possible EventEmitter memory leak detected. 11 data listeners added. Use emitter.setMaxListeners() to increase limit
2018-08-13 18:02:13: (node:8038) MaxListenersExceededWarning: Possible EventEmitter memory leak detected. 11 data listeners added. Use emitter.setMaxListeners() to increase limit
2018-08-13 18:02:13: (node:8033) MaxListenersExceededWarning: Possible EventEmitter memory leak detected. 11 data listeners added. Use emitter.setMaxListeners() to increase limit
2018-08-13 18:02:13: (node:8033) MaxListenersExceededWarning: Possible EventEmitter memory leak detected. 11 data listeners added. Use emitter.setMaxListeners() to increase limit
2018-08-13 18:02:13: (node:8038) MaxListenersExceededWarning: Possible EventEmitter memory leak detected. 11 data listeners added. Use emitter.setMaxListeners() to increase limit
2018-08-13 18:02:13: (node:8033) MaxListenersExceededWarning: Possible EventEmitter memory leak detected. 11 data listeners added. Use emitter.setMaxListeners() to increase limit
2018-08-13 18:02:13: (node:8038) MaxListenersExceededWarning: Possible EventEmitter memory leak detected. 11 data listeners added. Use emitter.setMaxListeners() to increase limit
2018-08-13 18:02:13: (node:8038) MaxListenersExceededWarning: Possible EventEmitter memory leak detected. 11 data listeners added. Use emitter.setMaxListeners() to increase limit
2018-08-13 18:02:13: (node:8033) MaxListenersExceededWarning: Possible EventEmitter memory leak detected. 11 data listeners added. Use emitter.setMaxListeners() to increase limit
2018-08-13 18:02:13: (node:8038) MaxListenersExceededWarning: Possible EventEmitter memory leak detected. 11 data listeners added. Use emitter.setMaxListeners() to increase limit
2018-08-13 18:02:13: (node:8033) MaxListenersExceededWarning: Possible EventEmitter memory leak detected. 11 data listeners added. Use emitter.setMaxListeners() to increase limit
2018-08-13 18:02:14: (node:8033) MaxListenersExceededWarning: Possible EventEmitter memory leak detected. 11 data listeners added. Use emitter.setMaxListeners() to increase limit
2018-08-13 18:02:14: (node:8038) MaxListenersExceededWarning: Possible EventEmitter memory leak detected. 11 data listeners added. Use emitter.setMaxListeners() to increase limit
2018-08-13 18:02:14: (node:8033) MaxListenersExceededWarning: Possible EventEmitter memory leak detected. 11 data listeners added. Use emitter.setMaxListeners() to increase limit
2018-08-13 18:02:14: (node:8038) MaxListenersExceededWarning: Possible EventEmitter memory leak detected. 11 data listeners added. Use emitter.setMaxListeners() to increase limit
2018-08-13 18:02:14: (node:8038) MaxListenersExceededWarning: Possible EventEmitter memory leak detected. 11 data listeners added. Use emitter.setMaxListeners() to increase limit
2018-08-13 18:02:14: (node:8038) MaxListenersExceededWarning: Possible EventEmitter memory leak detected. 11 data listeners added. Use emitter.setMaxListeners() to increase limit
2018-08-13 18:02:14: (node:8033) MaxListenersExceededWarning: Possible EventEmitter memory leak detected. 11 data listeners added. Use emitter.setMaxListeners() to increase limit
2018-08-13 18:02:15: (node:8033) MaxListenersExceededWarning: Possible EventEmitter memory leak detected. 11 data listeners added. Use emitter.setMaxListeners() to increase limit
2018-08-13 18:02:15: (node:8038) MaxListenersExceededWarning: Possible EventEmitter memory leak detected. 11 data listeners added. Use emitter.setMaxListeners() to increase limit
2018-08-13 18:02:15: (node:8033) MaxListenersExceededWarning: Possible EventEmitter memory leak detected. 11 data listeners added. Use emitter.setMaxListeners() to increase limit
2018-08-13 18:02:15: (node:8038) MaxListenersExceededWarning: Possible EventEmitter memory leak detected. 11 data listeners added. Use emitter.setMaxListeners() to increase limit
2018-08-13 18:02:15: (node:8038) MaxListenersExceededWarning: Possible EventEmitter memory leak detected. 11 data listeners added. Use emitter.setMaxListeners() to increase limit
2018-08-13 18:02:15: (node:8033) MaxListenersExceededWarning: Possible EventEmitter memory leak detected. 11 data listeners added. Use emitter.setMaxListeners() to increase limit
2018-08-13 18:02:15: (node:8038) MaxListenersExceededWarning: Possible EventEmitter memory leak detected. 11 data listeners added. Use emitter.setMaxListeners() to increase limit
2018-08-13 18:02:16: (node:8033) MaxListenersExceededWarning: Possible EventEmitter memory leak detected. 11 data listeners added. Use emitter.setMaxListeners() to increase limit
2018-08-13 18:02:16: (node:8033) MaxListenersExceededWarning: Possible EventEmitter memory leak detected. 11 data listeners added. Use emitter.setMaxListeners() to increase limit
2018-08-13 18:02:16: (node:8033) MaxListenersExceededWarning: Possible EventEmitter memory leak detected. 11 data listeners added. Use emitter.setMaxListeners() to increase limit
2018-08-13 18:02:16: (node:8038) MaxListenersExceededWarning: Possible EventEmitter memory leak detected. 11 data listeners added. Use emitter.setMaxListeners() to increase limit
2018-08-13 18:02:17: (node:8033) MaxListenersExceededWarning: Possible EventEmitter memory leak detected. 11 data listeners added. Use emitter.setMaxListeners() to increase limit
2018-08-13 18:02:17: (node:8038) MaxListenersExceededWarning: Possible EventEmitter memory leak detected. 11 data listeners added. Use emitter.setMaxListeners() to increase limit
2018-08-13 18:02:17: (node:8038) MaxListenersExceededWarning: Possible EventEmitter memory leak detected. 11 data listeners added. Use emitter.setMaxListeners() to increase limit
2018-08-13 18:02:17: (node:8033) MaxListenersExceededWarning: Possible EventEmitter memory leak detected. 11 data listeners added. Use emitter.setMaxListeners() to increase limit
2018-08-13 18:02:17: (node:8038) MaxListenersExceededWarning: Possible EventEmitter memory leak detected. 11 data listeners added. Use emitter.setMaxListeners() to increase limit
2018-08-13 18:02:17: (node:8038) MaxListenersExceededWarning: Possible EventEmitter memory leak detected. 11 data listeners added. Use emitter.setMaxListeners() to increase limit
2018-08-13 18:02:17: (node:8033) MaxListenersExceededWarning: Possible EventEmitter memory leak detected. 11 data listeners added. Use emitter.setMaxListeners() to increase limit
2018-08-13 18:02:17: (node:8038) MaxListenersExceededWarning: Possible EventEmitter memory leak detected. 11 data listeners added. Use emitter.setMaxListeners() to increase limit
2018-08-13 18:02:18: (node:8033) MaxListenersExceededWarning: Possible EventEmitter memory leak detected. 11 data listeners added. Use emitter.setMaxListeners() to increase limit
2018-08-13 18:02:18: (node:8038) MaxListenersExceededWarning: Possible EventEmitter memory leak detected. 11 data listeners added. Use emitter.setMaxListeners() to increase limit
2018-08-13 18:02:18: (node:8038) MaxListenersExceededWarning: Possible EventEmitter memory leak detected. 11 data listeners added. Use emitter.setMaxListeners() to increase limit
2018-08-13 18:02:18: (node:8033) MaxListenersExceededWarning: Possible EventEmitter memory leak detected. 11 data listeners added. Use emitter.setMaxListeners() to increase limit
2018-08-13 18:02:18: (node:8033) MaxListenersExceededWarning: Possible EventEmitter memory leak detected. 11 data listeners added. Use emitter.setMaxListeners() to increase limit
2018-08-13 18:02:18: (node:8033) MaxListenersExceededWarning: Possible EventEmitter memory leak detected. 11 data listeners added. Use emitter.setMaxListeners() to increase limit
2018-08-13 18:02:18: (node:8038) MaxListenersExceededWarning: Possible EventEmitter memory leak detected. 11 data listeners added. Use emitter.setMaxListeners() to increase limit
2018-08-13 18:02:18: (node:8038) MaxListenersExceededWarning: Possible EventEmitter memory leak detected. 11 data listeners added. Use emitter.setMaxListeners() to increase limit
2018-08-13 18:02:18: (node:8033) MaxListenersExceededWarning: Possible EventEmitter memory leak detected. 11 data listeners added. Use emitter.setMaxListeners() to increase limit
2018-08-13 18:02:19: (node:8033) MaxListenersExceededWarning: Possible EventEmitter memory leak detected. 11 data listeners added. Use emitter.setMaxListeners() to increase limit
2018-08-13 18:02:19: (node:8038) MaxListenersExceededWarning: Possible EventEmitter memory leak detected. 11 data listeners added. Use emitter.setMaxListeners() to increase limit
2018-08-13 18:02:19: (node:8033) MaxListenersExceededWarning: Possible EventEmitter memory leak detected. 11 data listeners added. Use emitter.setMaxListeners() to increase limit
2018-08-13 18:02:19: (node:8038) MaxListenersExceededWarning: Possible EventEmitter memory leak detected. 11 data listeners added. Use emitter.setMaxListeners() to increase limit
2018-08-13 18:02:19: (node:8033) MaxListenersExceededWarning: Possible EventEmitter memory leak detected. 11 data listeners added. Use emitter.setMaxListeners() to increase limit
2018-08-13 18:02:19: (node:8033) MaxListenersExceededWarning: Possible EventEmitter memory leak detected. 11 data listeners added. Use emitter.setMaxListeners() to increase limit
2018-08-13 18:02:19: (node:8038) MaxListenersExceededWarning: Possible EventEmitter memory leak detected. 11 data listeners added. Use emitter.setMaxListeners() to increase limit
2018-08-13 18:02:20: (node:8038) MaxListenersExceededWarning: Possible EventEmitter memory leak detected. 11 data listeners added. Use emitter.setMaxListeners() to increase limit
2018-08-13 18:02:20: (node:8033) MaxListenersExceededWarning: Possible EventEmitter memory leak detected. 11 data listeners added. Use emitter.setMaxListeners() to increase limit
2018-08-13 18:02:20: (node:8033) MaxListenersExceededWarning: Possible EventEmitter memory leak detected. 11 data listeners added. Use emitter.setMaxListeners() to increase limit
2018-08-13 18:02:20: (node:8033) MaxListenersExceededWarning: Possible EventEmitter memory leak detected. 11 data listeners added. Use emitter.setMaxListeners() to increase limit
2018-08-13 18:02:20: (node:8033) MaxListenersExceededWarning: Possible EventEmitter memory leak detected. 11 data listeners added. Use emitter.setMaxListeners() to increase limit
2018-08-13 18:02:20: (node:8038) MaxListenersExceededWarning: Possible EventEmitter memory leak detected. 11 data listeners added. Use emitter.setMaxListeners() to increase limit
2018-08-13 18:02:20: (node:8033) MaxListenersExceededWarning: Possible EventEmitter memory leak detected. 11 data listeners added. Use emitter.setMaxListeners() to increase limit
2018-08-13 18:02:20: (node:8033) MaxListenersExceededWarning: Possible EventEmitter memory leak detected. 11 data listeners added. Use emitter.setMaxListeners() to increase limit
2018-08-13 18:02:20: (node:8038) MaxListenersExceededWarning: Possible EventEmitter memory leak detected. 11 data listeners added. Use emitter.setMaxListeners() to increase limit
2018-08-13 18:02:21: (node:8038) MaxListenersExceededWarning: Possible EventEmitter memory leak detected. 11 data listeners added. Use emitter.setMaxListeners() to increase limit
2018-08-13 18:02:21: (node:8038) MaxListenersExceededWarning: Possible EventEmitter memory leak detected. 11 data listeners added. Use emitter.setMaxListeners() to increase limit
2018-08-13 18:02:21: (node:8038) MaxListenersExceededWarning: Possible EventEmitter memory leak detected. 11 data listeners added. Use emitter.setMaxListeners() to increase limit
2018-08-13 18:02:21: (node:8033) MaxListenersExceededWarning: Possible EventEmitter memory leak detected. 11 data listeners added. Use emitter.setMaxListeners() to increase limit
2018-08-13 18:02:21: (node:8033) MaxListenersExceededWarning: Possible EventEmitter memory leak detected. 11 data listeners added. Use emitter.setMaxListeners() to increase limit
2018-08-13 18:02:21: (node:8038) MaxListenersExceededWarning: Possible EventEmitter memory leak detected. 11 data listeners added. Use emitter.setMaxListeners() to increase limit
2018-08-13 18:02:21: (node:8033) MaxListenersExceededWarning: Possible EventEmitter memory leak detected. 11 data listeners added. Use emitter.setMaxListeners() to increase limit
2018-08-13 18:02:21: (node:8033) MaxListenersExceededWarning: Possible EventEmitter memory leak detected. 11 data listeners added. Use emitter.setMaxListeners() to increase limit
2018-08-13 18:02:21: (node:8038) MaxListenersExceededWarning: Possible EventEmitter memory leak detected. 11 data listeners added. Use emitter.setMaxListeners() to increase limit
2018-08-13 18:02:21: (node:8038) MaxListenersExceededWarning: Possible EventEmitter memory leak detected. 11 data listeners added. Use emitter.setMaxListeners() to increase limit
2018-08-13 18:02:22: (node:8033) MaxListenersExceededWarning: Possible EventEmitter memory leak detected. 11 data listeners added. Use emitter.setMaxListeners() to increase limit
2018-08-13 18:02:22: (node:8038) MaxListenersExceededWarning: Possible EventEmitter memory leak detected. 11 data listeners added. Use emitter.setMaxListeners() to increase limit
2018-08-13 18:02:22: (node:8038) MaxListenersExceededWarning: Possible EventEmitter memory leak detected. 11 data listeners added. Use emitter.setMaxListeners() to increase limit
2018-08-13 18:02:22: (node:8033) MaxListenersExceededWarning: Possible EventEmitter memory leak detected. 11 data listeners added. Use emitter.setMaxListeners() to increase limit
2018-08-13 18:02:22: (node:8033) MaxListenersExceededWarning: Possible EventEmitter memory leak detected. 11 data listeners added. Use emitter.setMaxListeners() to increase limit
2018-08-13 18:02:22: (node:8038) MaxListenersExceededWarning: Possible EventEmitter memory leak detected. 11 data listeners added. Use emitter.setMaxListeners() to increase limit
2018-08-13 18:02:22: (node:8033) MaxListenersExceededWarning: Possible EventEmitter memory leak detected. 11 data listeners added. Use emitter.setMaxListeners() to increase limit
2018-08-13 18:02:22: (node:8033) MaxListenersExceededWarning: Possible EventEmitter memory leak detected. 11 data listeners added. Use emitter.setMaxListeners() to increase limit
2018-08-13 18:02:22: (node:8038) MaxListenersExceededWarning: Possible EventEmitter memory leak detected. 11 data listeners added. Use emitter.setMaxListeners() to increase limit
2018-08-13 18:02:22: (node:8038) MaxListenersExceededWarning: Possible EventEmitter memory leak detected. 11 data listeners added. Use emitter.setMaxListeners() to increase limit
2018-08-13 18:02:22: (node:8033) MaxListenersExceededWarning: Possible EventEmitter memory leak detected. 11 data listeners added. Use emitter.setMaxListeners() to increase limit
2018-08-13 18:02:23: (node:8033) MaxListenersExceededWarning: Possible EventEmitter memory leak detected. 11 data listeners added. Use emitter.setMaxListeners() to increase limit
2018-08-13 18:02:23: (node:8038) MaxListenersExceededWarning: Possible EventEmitter memory leak detected. 11 data listeners added. Use emitter.setMaxListeners() to increase limit
2018-08-13 18:02:23: (node:8033) MaxListenersExceededWarning: Possible EventEmitter memory leak detected. 11 data listeners added. Use emitter.setMaxListeners() to increase limit
2018-08-13 18:02:23: (node:8038) MaxListenersExceededWarning: Possible EventEmitter memory leak detected. 11 data listeners added. Use emitter.setMaxListeners() to increase limit
2018-08-13 18:02:23: (node:8033) MaxListenersExceededWarning: Possible EventEmitter memory leak detected. 11 data listeners added. Use emitter.setMaxListeners() to increase limit
2018-08-13 18:02:23: (node:8033) MaxListenersExceededWarning: Possible EventEmitter memory leak detected. 11 data listeners added. Use emitter.setMaxListeners() to increase limit
2018-08-13 18:02:23: (node:8033) MaxListenersExceededWarning: Possible EventEmitter memory leak detected. 11 data listeners added. Use emitter.setMaxListeners() to increase limit
2018-08-13 18:02:23: (node:8038) MaxListenersExceededWarning: Possible EventEmitter memory leak detected. 11 data listeners added. Use emitter.setMaxListeners() to increase limit
2018-08-13 18:02:23: (node:8038) MaxListenersExceededWarning: Possible EventEmitter memory leak detected. 11 data listeners added. Use emitter.setMaxListeners() to increase limit
2018-08-13 18:02:23: (node:8033) MaxListenersExceededWarning: Possible EventEmitter memory leak detected. 11 data listeners added. Use emitter.setMaxListeners() to increase limit
2018-08-13 18:02:23: (node:8038) MaxListenersExceededWarning: Possible EventEmitter memory leak detected. 11 data listeners added. Use emitter.setMaxListeners() to increase limit
2018-08-13 18:02:23: (node:8038) MaxListenersExceededWarning: Possible EventEmitter memory leak detected. 11 data listeners added. Use emitter.setMaxListeners() to increase limit
2018-08-13 18:02:23: (node:8033) MaxListenersExceededWarning: Possible EventEmitter memory leak detected. 11 data listeners added. Use emitter.setMaxListeners() to increase limit
2018-08-13 18:02:23: (node:8038) MaxListenersExceededWarning: Possible EventEmitter memory leak detected. 11 data listeners added. Use emitter.setMaxListeners() to increase limit
2018-08-13 18:02:24: (node:8033) MaxListenersExceededWarning: Possible EventEmitter memory leak detected. 11 data listeners added. Use emitter.setMaxListeners() to increase limit
2018-08-13 18:02:24: (node:8033) MaxListenersExceededWarning: Possible EventEmitter memory leak detected. 11 data listeners added. Use emitter.setMaxListeners() to increase limit
2018-08-13 18:02:24: (node:8038) MaxListenersExceededWarning: Possible EventEmitter memory leak detected. 11 data listeners added. Use emitter.setMaxListeners() to increase limit
2018-08-13 18:02:24: (node:8038) MaxListenersExceededWarning: Possible EventEmitter memory leak detected. 11 data listeners added. Use emitter.setMaxListeners() to increase limit
2018-08-13 18:02:24: (node:8033) MaxListenersExceededWarning: Possible EventEmitter memory leak detected. 11 data listeners added. Use emitter.setMaxListeners() to increase limit
2018-08-13 18:02:24: (node:8033) MaxListenersExceededWarning: Possible EventEmitter memory leak detected. 11 data listeners added. Use emitter.setMaxListeners() to increase limit
2018-08-13 18:02:24: (node:8038) MaxListenersExceededWarning: Possible EventEmitter memory leak detected. 11 data listeners added. Use emitter.setMaxListeners() to increase limit
2018-08-13 18:02:24: (node:8038) MaxListenersExceededWarning: Possible EventEmitter memory leak detected. 11 data listeners added. Use emitter.setMaxListeners() to increase limit
2018-08-13 18:02:24: (node:8033) MaxListenersExceededWarning: Possible EventEmitter memory leak detected. 11 data listeners added. Use emitter.setMaxListeners() to increase limit
2018-08-13 18:02:24: (node:8033) MaxListenersExceededWarning: Possible EventEmitter memory leak detected. 11 data listeners added. Use emitter.setMaxListeners() to increase limit
2018-08-13 18:02:24: (node:8033) MaxListenersExceededWarning: Possible EventEmitter memory leak detected. 11 data listeners added. Use emitter.setMaxListeners() to increase limit
2018-08-13 18:02:24: (node:8033) MaxListenersExceededWarning: Possible EventEmitter memory leak detected. 11 data listeners added. Use emitter.setMaxListeners() to increase limit
2018-08-13 18:02:24: (node:8038) MaxListenersExceededWarning: Possible EventEmitter memory leak detected. 11 data listeners added. Use emitter.setMaxListeners() to increase limit
2018-08-13 18:02:24: (node:8038) MaxListenersExceededWarning: Possible EventEmitter memory leak detected. 11 data listeners added. Use emitter.setMaxListeners() to increase limit
2018-08-13 18:02:24: (node:8033) MaxListenersExceededWarning: Possible EventEmitter memory leak detected. 11 data listeners added. Use emitter.setMaxListeners() to increase limit
2018-08-13 18:02:25: (node:8038) MaxListenersExceededWarning: Possible EventEmitter memory leak detected. 11 data listeners added. Use emitter.setMaxListeners() to increase limit
2018-08-13 18:02:25: (node:8033) MaxListenersExceededWarning: Possible EventEmitter memory leak detected. 11 data listeners added. Use emitter.setMaxListeners() to increase limit
2018-08-13 18:02:25: (node:8033) MaxListenersExceededWarning: Possible EventEmitter memory leak detected. 11 data listeners added. Use emitter.setMaxListeners() to increase limit
2018-08-13 18:02:25: (node:8038) MaxListenersExceededWarning: Possible EventEmitter memory leak detected. 11 data listeners added. Use emitter.setMaxListeners() to increase limit
2018-08-13 18:02:25: (node:8038) MaxListenersExceededWarning: Possible EventEmitter memory leak detected. 11 data listeners added. Use emitter.setMaxListeners() to increase limit
2018-08-13 18:02:25: (node:8038) MaxListenersExceededWarning: Possible EventEmitter memory leak detected. 11 data listeners added. Use emitter.setMaxListeners() to increase limit
2018-08-13 18:02:25: (node:8038) MaxListenersExceededWarning: Possible EventEmitter memory leak detected. 11 data listeners added. Use emitter.setMaxListeners() to increase limit
2018-08-13 18:02:25: (node:8038) MaxListenersExceededWarning: Possible EventEmitter memory leak detected. 11 data listeners added. Use emitter.setMaxListeners() to increase limit
2018-08-13 18:02:25: (node:8033) MaxListenersExceededWarning: Possible EventEmitter memory leak detected. 11 data listeners added. Use emitter.setMaxListeners() to increase limit
2018-08-13 18:02:25: (node:8033) MaxListenersExceededWarning: Possible EventEmitter memory leak detected. 11 data listeners added. Use emitter.setMaxListeners() to increase limit
2018-08-13 18:02:25: (node:8033) MaxListenersExceededWarning: Possible EventEmitter memory leak detected. 11 data listeners added. Use emitter.setMaxListeners() to increase limit
2018-08-13 18:02:25: (node:8038) MaxListenersExceededWarning: Possible EventEmitter memory leak detected. 11 data listeners added. Use emitter.setMaxListeners() to increase limit
2018-08-13 18:02:26: (node:8038) MaxListenersExceededWarning: Possible EventEmitter memory leak detected. 11 data listeners added. Use emitter.setMaxListeners() to increase limit
2018-08-13 18:02:26: (node:8038) MaxListenersExceededWarning: Possible EventEmitter memory leak detected. 11 data listeners added. Use emitter.setMaxListeners() to increase limit
2018-08-13 18:02:26: (node:8038) MaxListenersExceededWarning: Possible EventEmitter memory leak detected. 11 data listeners added. Use emitter.setMaxListeners() to increase limit
2018-08-13 18:02:26: (node:8033) MaxListenersExceededWarning: Possible EventEmitter memory leak detected. 11 data listeners added. Use emitter.setMaxListeners() to increase limit
2018-08-13 18:02:26: (node:8033) MaxListenersExceededWarning: Possible EventEmitter memory leak detected. 11 data listeners added. Use emitter.setMaxListeners() to increase limit
2018-08-13 18:02:26: (node:8038) MaxListenersExceededWarning: Possible EventEmitter memory leak detected. 11 data listeners added. Use emitter.setMaxListeners() to increase limit
2018-08-13 18:02:26: (node:8033) MaxListenersExceededWarning: Possible EventEmitter memory leak detected. 11 data listeners added. Use emitter.setMaxListeners() to increase limit
2018-08-13 18:02:26: (node:8033) MaxListenersExceededWarning: Possible EventEmitter memory leak detected. 11 data listeners added. Use emitter.setMaxListeners() to increase limit
2018-08-13 18:02:26: (node:8033) MaxListenersExceededWarning: Possible EventEmitter memory leak detected. 11 data listeners added. Use emitter.setMaxListeners() to increase limit
2018-08-13 18:02:26: (node:8033) MaxListenersExceededWarning: Possible EventEmitter memory leak detected. 11 data listeners added. Use emitter.setMaxListeners() to increase limit
2018-08-13 18:02:26: (node:8033) MaxListenersExceededWarning: Possible EventEmitter memory leak detected. 11 data listeners added. Use emitter.setMaxListeners() to increase limit
2018-08-13 18:02:26: (node:8033) MaxListenersExceededWarning: Possible EventEmitter memory leak detected. 11 data listeners added. Use emitter.setMaxListeners() to increase limit
2018-08-13 18:02:27: (node:8033) MaxListenersExceededWarning: Possible EventEmitter memory leak detected. 11 data listeners added. Use emitter.setMaxListeners() to increase limit
2018-08-13 18:02:27: (node:8038) MaxListenersExceededWarning: Possible EventEmitter memory leak detected. 11 data listeners added. Use emitter.setMaxListeners() to increase limit
2018-08-13 18:02:27: (node:8038) MaxListenersExceededWarning: Possible EventEmitter memory leak detected. 11 data listeners added. Use emitter.setMaxListeners() to increase limit
2018-08-13 18:02:27: (node:8033) MaxListenersExceededWarning: Possible EventEmitter memory leak detected. 11 data listeners added. Use emitter.setMaxListeners() to increase limit
2018-08-13 18:02:27: (node:8038) MaxListenersExceededWarning: Possible EventEmitter memory leak detected. 11 data listeners added. Use emitter.setMaxListeners() to increase limit
2018-08-13 18:02:27: (node:8033) MaxListenersExceededWarning: Possible EventEmitter memory leak detected. 11 data listeners added. Use emitter.setMaxListeners() to increase limit
2018-08-13 18:02:27: (node:8033) MaxListenersExceededWarning: Possible EventEmitter memory leak detected. 11 data listeners added. Use emitter.setMaxListeners() to increase limit
2018-08-13 18:02:27: (node:8038) MaxListenersExceededWarning: Possible EventEmitter memory leak detected. 11 data listeners added. Use emitter.setMaxListeners() to increase limit
2018-08-13 18:02:27: (node:8033) MaxListenersExceededWarning: Possible EventEmitter memory leak detected. 11 data listeners added. Use emitter.setMaxListeners() to increase limit
2018-08-13 18:02:27: (node:8038) MaxListenersExceededWarning: Possible EventEmitter memory leak detected. 11 data listeners added. Use emitter.setMaxListeners() to increase limit
2018-08-13 18:02:27: (node:8038) MaxListenersExceededWarning: Possible EventEmitter memory leak detected. 11 data listeners added. Use emitter.setMaxListeners() to increase limit
2018-08-13 18:02:27: (node:8033) MaxListenersExceededWarning: Possible EventEmitter memory leak detected. 11 data listeners added. Use emitter.setMaxListeners() to increase limit
2018-08-13 18:02:27: (node:8038) MaxListenersExceededWarning: Possible EventEmitter memory leak detected. 11 data listeners added. Use emitter.setMaxListeners() to increase limit
2018-08-13 18:02:27: (node:8038) MaxListenersExceededWarning: Possible EventEmitter memory leak detected. 11 data listeners added. Use emitter.setMaxListeners() to increase limit
2018-08-13 18:02:27: (node:8033) MaxListenersExceededWarning: Possible EventEmitter memory leak detected. 11 data listeners added. Use emitter.setMaxListeners() to increase limit
2018-08-13 18:02:27: (node:8033) MaxListenersExceededWarning: Possible EventEmitter memory leak detected. 11 data listeners added. Use emitter.setMaxListeners() to increase limit
2018-08-13 18:02:27: (node:8033) MaxListenersExceededWarning: Possible EventEmitter memory leak detected. 11 data listeners added. Use emitter.setMaxListeners() to increase limit
2018-08-13 18:02:27: (node:8038) MaxListenersExceededWarning: Possible EventEmitter memory leak detected. 11 data listeners added. Use emitter.setMaxListeners() to increase limit
2018-08-13 18:02:28: (node:8038) MaxListenersExceededWarning: Possible EventEmitter memory leak detected. 11 data listeners added. Use emitter.setMaxListeners() to increase limit
2018-08-13 18:02:28: (node:8033) MaxListenersExceededWarning: Possible EventEmitter memory leak detected. 11 data listeners added. Use emitter.setMaxListeners() to increase limit
2018-08-13 18:02:28: (node:8033) MaxListenersExceededWarning: Possible EventEmitter memory leak detected. 11 data listeners added. Use emitter.setMaxListeners() to increase limit
2018-08-13 18:02:28: (node:8033) MaxListenersExceededWarning: Possible EventEmitter memory leak detected. 11 data listeners added. Use emitter.setMaxListeners() to increase limit
2018-08-13 18:02:28: (node:8038) MaxListenersExceededWarning: Possible EventEmitter memory leak detected. 11 data listeners added. Use emitter.setMaxListeners() to increase limit
2018-08-13 18:02:28: (node:8038) MaxListenersExceededWarning: Possible EventEmitter memory leak detected. 11 data listeners added. Use emitter.setMaxListeners() to increase limit
2018-08-13 18:02:28: (node:8038) MaxListenersExceededWarning: Possible EventEmitter memory leak detected. 11 data listeners added. Use emitter.setMaxListeners() to increase limit
2018-08-13 18:02:28: (node:8038) MaxListenersExceededWarning: Possible EventEmitter memory leak detected. 11 data listeners added. Use emitter.setMaxListeners() to increase limit
2018-08-13 18:02:28: (node:8033) MaxListenersExceededWarning: Possible EventEmitter memory leak detected. 11 data listeners added. Use emitter.setMaxListeners() to increase limit
2018-08-13 18:02:28: (node:8033) MaxListenersExceededWarning: Possible EventEmitter memory leak detected. 11 data listeners added. Use emitter.setMaxListeners() to increase limit
2018-08-13 18:02:28: (node:8033) MaxListenersExceededWarning: Possible EventEmitter memory leak detected. 11 data listeners added. Use emitter.setMaxListeners() to increase limit
2018-08-13 18:02:28: (node:8033) MaxListenersExceededWarning: Possible EventEmitter memory leak detected. 11 data listeners added. Use emitter.setMaxListeners() to increase limit
2018-08-13 18:02:28: (node:8038) MaxListenersExceededWarning: Possible EventEmitter memory leak detected. 11 data listeners added. Use emitter.setMaxListeners() to increase limit
2018-08-13 18:02:28: (node:8033) MaxListenersExceededWarning: Possible EventEmitter memory leak detected. 11 data listeners added. Use emitter.setMaxListeners() to increase limit
2018-08-13 18:02:28: (node:8038) MaxListenersExceededWarning: Possible EventEmitter memory leak detected. 11 data listeners added. Use emitter.setMaxListeners() to increase limit
2018-08-13 18:02:28: (node:8033) MaxListenersExceededWarning: Possible EventEmitter memory leak detected. 11 data listeners added. Use emitter.setMaxListeners() to increase limit
2018-08-13 18:02:28: (node:8038) MaxListenersExceededWarning: Possible EventEmitter memory leak detected. 11 data listeners added. Use emitter.setMaxListeners() to increase limit
2018-08-13 18:02:28: (node:8033) MaxListenersExceededWarning: Possible EventEmitter memory leak detected. 11 data listeners added. Use emitter.setMaxListeners() to increase limit
2018-08-13 18:02:29: (node:8038) MaxListenersExceededWarning: Possible EventEmitter memory leak detected. 11 data listeners added. Use emitter.setMaxListeners() to increase limit
2018-08-13 18:02:29: (node:8038) MaxListenersExceededWarning: Possible EventEmitter memory leak detected. 11 data listeners added. Use emitter.setMaxListeners() to increase limit
2018-08-13 18:02:29: (node:8038) MaxListenersExceededWarning: Possible EventEmitter memory leak detected. 11 data listeners added. Use emitter.setMaxListeners() to increase limit
2018-08-13 18:02:29: (node:8038) MaxListenersExceededWarning: Possible EventEmitter memory leak detected. 11 data listeners added. Use emitter.setMaxListeners() to increase limit
2018-08-13 18:02:29: (node:8038) MaxListenersExceededWarning: Possible EventEmitter memory leak detected. 11 data listeners added. Use emitter.setMaxListeners() to increase limit
2018-08-13 18:02:29: (node:8038) MaxListenersExceededWarning: Possible EventEmitter memory leak detected. 11 data listeners added. Use emitter.setMaxListeners() to increase limit
2018-08-13 18:02:29: (node:8038) MaxListenersExceededWarning: Possible EventEmitter memory leak detected. 11 data listeners added. Use emitter.setMaxListeners() to increase limit
2018-08-13 18:02:29: (node:8038) MaxListenersExceededWarning: Possible EventEmitter memory leak detected. 11 data listeners added. Use emitter.setMaxListeners() to increase limit
2018-08-13 18:02:29: (node:8038) MaxListenersExceededWarning: Possible EventEmitter memory leak detected. 11 data listeners added. Use emitter.setMaxListeners() to increase limit
2018-08-13 18:02:29: (node:8038) MaxListenersExceededWarning: Possible EventEmitter memory leak detected. 11 data listeners added. Use emitter.setMaxListeners() to increase limit
2018-08-13 18:02:29: (node:8038) MaxListenersExceededWarning: Possible EventEmitter memory leak detected. 11 data listeners added. Use emitter.setMaxListeners() to increase limit
2018-08-13 18:02:29: (node:8038) MaxListenersExceededWarning: Possible EventEmitter memory leak detected. 11 data listeners added. Use emitter.setMaxListeners() to increase limit
2018-08-13 18:02:29: (node:8038) MaxListenersExceededWarning: Possible EventEmitter memory leak detected. 11 data listeners added. Use emitter.setMaxListeners() to increase limit
2018-08-13 18:02:30: (node:8038) MaxListenersExceededWarning: Possible EventEmitter memory leak detected. 11 data listeners added. Use emitter.setMaxListeners() to increase limit
2018-08-13 18:07:29: Error: ENOSPC: no space left on device, open '/tmp/tmp-8038p0Hjr5gzf2lc/!trie_db!0x5f329f8f52a8343c8725a6808b88f318dd74919c2f3475e84ea24c501626e340'
2018-08-13 18:52:43: (node:1266) MaxListenersExceededWarning: Possible EventEmitter memory leak detected. 11 data listeners added. Use emitter.setMaxListeners() to increase limit
2018-08-13 18:52:43: (node:1272) MaxListenersExceededWarning: Possible EventEmitter memory leak detected. 11 data listeners added. Use emitter.setMaxListeners() to increase limit
2018-08-13 18:52:43: (node:1266) MaxListenersExceededWarning: Possible EventEmitter memory leak detected. 11 data listeners added. Use emitter.setMaxListeners() to increase limit
2018-08-13 18:52:43: (node:1272) MaxListenersExceededWarning: Possible EventEmitter memory leak detected. 11 data listeners added. Use emitter.setMaxListeners() to increase limit
2018-08-13 18:52:43: (node:1266) MaxListenersExceededWarning: Possible EventEmitter memory leak detected. 11 data listeners added. Use emitter.setMaxListeners() to increase limit
2018-08-13 18:52:43: (node:1272) MaxListenersExceededWarning: Possible EventEmitter memory leak detected. 11 data listeners added. Use emitter.setMaxListeners() to increase limit
2018-08-13 18:52:44: (node:1266) MaxListenersExceededWarning: Possible EventEmitter memory leak detected. 11 data listeners added. Use emitter.setMaxListeners() to increase limit
2018-08-13 18:52:44: (node:1272) MaxListenersExceededWarning: Possible EventEmitter memory leak detected. 11 data listeners added. Use emitter.setMaxListeners() to increase limit
2018-08-13 18:52:44: (node:1272) MaxListenersExceededWarning: Possible EventEmitter memory leak detected. 11 data listeners added. Use emitter.setMaxListeners() to increase limit
2018-08-13 18:52:44: (node:1266) MaxListenersExceededWarning: Possible EventEmitter memory leak detected. 11 data listeners added. Use emitter.setMaxListeners() to increase limit
2018-08-13 18:52:44: (node:1266) MaxListenersExceededWarning: Possible EventEmitter memory leak detected. 11 data listeners added. Use emitter.setMaxListeners() to increase limit
2018-08-13 18:52:44: (node:1272) MaxListenersExceededWarning: Possible EventEmitter memory leak detected. 11 data listeners added. Use emitter.setMaxListeners() to increase limit
2018-08-13 18:52:44: (node:1266) MaxListenersExceededWarning: Possible EventEmitter memory leak detected. 11 data listeners added. Use emitter.setMaxListeners() to increase limit
2018-08-13 18:52:44: (node:1272) MaxListenersExceededWarning: Possible EventEmitter memory leak detected. 11 data listeners added. Use emitter.setMaxListeners() to increase limit
2018-08-13 18:52:44: (node:1272) MaxListenersExceededWarning: Possible EventEmitter memory leak detected. 11 data listeners added. Use emitter.setMaxListeners() to increase limit
2018-08-13 18:52:45: (node:1266) MaxListenersExceededWarning: Possible EventEmitter memory leak detected. 11 data listeners added. Use emitter.setMaxListeners() to increase limit
2018-08-13 18:52:45: (node:1272) MaxListenersExceededWarning: Possible EventEmitter memory leak detected. 11 data listeners added. Use emitter.setMaxListeners() to increase limit
2018-08-13 18:52:45: (node:1266) MaxListenersExceededWarning: Possible EventEmitter memory leak detected. 11 data listeners added. Use emitter.setMaxListeners() to increase limit
2018-08-13 18:52:45: (node:1272) MaxListenersExceededWarning: Possible EventEmitter memory leak detected. 11 data listeners added. Use emitter.setMaxListeners() to increase limit
2018-08-13 18:52:45: (node:1266) MaxListenersExceededWarning: Possible EventEmitter memory leak detected. 11 data listeners added. Use emitter.setMaxListeners() to increase limit
2018-08-13 18:52:45: (node:1272) MaxListenersExceededWarning: Possible EventEmitter memory leak detected. 11 data listeners added. Use emitter.setMaxListeners() to increase limit
2018-08-13 18:52:45: (node:1266) MaxListenersExceededWarning: Possible EventEmitter memory leak detected. 11 data listeners added. Use emitter.setMaxListeners() to increase limit
2018-08-13 18:52:45: (node:1272) MaxListenersExceededWarning: Possible EventEmitter memory leak detected. 11 data listeners added. Use emitter.setMaxListeners() to increase limit
2018-08-13 18:52:45: (node:1266) MaxListenersExceededWarning: Possible EventEmitter memory leak detected. 11 data listeners added. Use emitter.setMaxListeners() to increase limit
2018-08-13 18:52:46: (node:1266) MaxListenersExceededWarning: Possible EventEmitter memory leak detected. 11 data listeners added. Use emitter.setMaxListeners() to increase limit
2018-08-13 18:52:46: (node:1272) MaxListenersExceededWarning: Possible EventEmitter memory leak detected. 11 data listeners added. Use emitter.setMaxListeners() to increase limit
2018-08-13 18:52:46: (node:1266) MaxListenersExceededWarning: Possible EventEmitter memory leak detected. 11 data listeners added. Use emitter.setMaxListeners() to increase limit
2018-08-13 18:52:46: (node:1272) MaxListenersExceededWarning: Possible EventEmitter memory leak detected. 11 data listeners added. Use emitter.setMaxListeners() to increase limit
2018-08-13 18:52:46: (node:1272) MaxListenersExceededWarning: Possible EventEmitter memory leak detected. 11 data listeners added. Use emitter.setMaxListeners() to increase limit
2018-08-13 18:52:46: (node:1266) MaxListenersExceededWarning: Possible EventEmitter memory leak detected. 11 data listeners added. Use emitter.setMaxListeners() to increase limit
2018-08-13 18:52:47: (node:1272) MaxListenersExceededWarning: Possible EventEmitter memory leak detected. 11 data listeners added. Use emitter.setMaxListeners() to increase limit
2018-08-13 18:52:47: (node:1266) MaxListenersExceededWarning: Possible EventEmitter memory leak detected. 11 data listeners added. Use emitter.setMaxListeners() to increase limit
2018-08-13 18:52:47: (node:1272) MaxListenersExceededWarning: Possible EventEmitter memory leak detected. 11 data listeners added. Use emitter.setMaxListeners() to increase limit
2018-08-13 18:52:48: (node:1266) MaxListenersExceededWarning: Possible EventEmitter memory leak detected. 11 data listeners added. Use emitter.setMaxListeners() to increase limit
2018-08-13 18:53:34: (node:1272) MaxListenersExceededWarning: Possible EventEmitter memory leak detected. 11 data listeners added. Use emitter.setMaxListeners() to increase limit
2018-08-13 18:53:34: (node:1266) MaxListenersExceededWarning: Possible EventEmitter memory leak detected. 11 data listeners added. Use emitter.setMaxListeners() to increase limit
2018-08-13 18:53:35: (node:1266) MaxListenersExceededWarning: Possible EventEmitter memory leak detected. 11 data listeners added. Use emitter.setMaxListeners() to increase limit
2018-08-13 18:53:35: (node:1272) MaxListenersExceededWarning: Possible EventEmitter memory leak detected. 11 data listeners added. Use emitter.setMaxListeners() to increase limit
2018-08-13 18:53:36: (node:1272) MaxListenersExceededWarning: Possible EventEmitter memory leak detected. 11 data listeners added. Use emitter.setMaxListeners() to increase limit
2018-08-13 18:53:36: (node:1266) MaxListenersExceededWarning: Possible EventEmitter memory leak detected. 11 data listeners added. Use emitter.setMaxListeners() to increase limit
2018-08-13 18:53:37: (node:1266) MaxListenersExceededWarning: Possible EventEmitter memory leak detected. 11 data listeners added. Use emitter.setMaxListeners() to increase limit
2018-08-13 18:53:37: (node:1272) MaxListenersExceededWarning: Possible EventEmitter memory leak detected. 11 data listeners added. Use emitter.setMaxListeners() to increase limit
2018-08-13 18:53:38: (node:1266) MaxListenersExceededWarning: Possible EventEmitter memory leak detected. 11 data listeners added. Use emitter.setMaxListeners() to increase limit
2018-08-13 18:53:39: (node:1272) MaxListenersExceededWarning: Possible EventEmitter memory leak detected. 11 data listeners added. Use emitter.setMaxListeners() to increase limit
2018-08-13 18:53:39: (node:1272) MaxListenersExceededWarning: Possible EventEmitter memory leak detected. 11 data listeners added. Use emitter.setMaxListeners() to increase limit
2018-08-13 18:53:39: (node:1266) MaxListenersExceededWarning: Possible EventEmitter memory leak detected. 11 data listeners added. Use emitter.setMaxListeners() to increase limit
2018-08-13 18:53:40: (node:1272) MaxListenersExceededWarning: Possible EventEmitter memory leak detected. 11 data listeners added. Use emitter.setMaxListeners() to increase limit
2018-08-13 18:53:40: (node:1266) MaxListenersExceededWarning: Possible EventEmitter memory leak detected. 11 data listeners added. Use emitter.setMaxListeners() to increase limit
2018-08-13 18:53:40: (node:1272) MaxListenersExceededWarning: Possible EventEmitter memory leak detected. 11 data listeners added. Use emitter.setMaxListeners() to increase limit
2018-08-13 18:53:40: (node:1266) MaxListenersExceededWarning: Possible EventEmitter memory leak detected. 11 data listeners added. Use emitter.setMaxListeners() to increase limit
2018-08-13 18:53:40: (node:1272) MaxListenersExceededWarning: Possible EventEmitter memory leak detected. 11 data listeners added. Use emitter.setMaxListeners() to increase limit
2018-08-13 18:53:41: (node:1272) MaxListenersExceededWarning: Possible EventEmitter memory leak detected. 11 data listeners added. Use emitter.setMaxListeners() to increase limit
2018-08-13 18:53:41: (node:1266) MaxListenersExceededWarning: Possible EventEmitter memory leak detected. 11 data listeners added. Use emitter.setMaxListeners() to increase limit
2018-08-13 18:53:41: (node:1272) MaxListenersExceededWarning: Possible EventEmitter memory leak detected. 11 data listeners added. Use emitter.setMaxListeners() to increase limit
2018-08-13 18:53:41: (node:1266) MaxListenersExceededWarning: Possible EventEmitter memory leak detected. 11 data listeners added. Use emitter.setMaxListeners() to increase limit
2018-08-13 18:53:41: (node:1266) MaxListenersExceededWarning: Possible EventEmitter memory leak detected. 11 data listeners added. Use emitter.setMaxListeners() to increase limit
2018-08-13 18:53:41: (node:1272) MaxListenersExceededWarning: Possible EventEmitter memory leak detected. 11 data listeners added. Use emitter.setMaxListeners() to increase limit
2018-08-13 18:53:41: (node:1272) MaxListenersExceededWarning: Possible EventEmitter memory leak detected. 11 data listeners added. Use emitter.setMaxListeners() to increase limit
2018-08-13 18:53:41: (node:1266) MaxListenersExceededWarning: Possible EventEmitter memory leak detected. 11 data listeners added. Use emitter.setMaxListeners() to increase limit
2018-08-13 18:53:41: (node:1272) MaxListenersExceededWarning: Possible EventEmitter memory leak detected. 11 data listeners added. Use emitter.setMaxListeners() to increase limit
2018-08-13 18:53:41: (node:1266) MaxListenersExceededWarning: Possible EventEmitter memory leak detected. 11 data listeners added. Use emitter.setMaxListeners() to increase limit
2018-08-13 18:53:41: (node:1266) MaxListenersExceededWarning: Possible EventEmitter memory leak detected. 11 data listeners added. Use emitter.setMaxListeners() to increase limit
2018-08-13 18:53:42: (node:1272) MaxListenersExceededWarning: Possible EventEmitter memory leak detected. 11 data listeners added. Use emitter.setMaxListeners() to increase limit
2018-08-13 18:53:42: (node:1266) MaxListenersExceededWarning: Possible EventEmitter memory leak detected. 11 data listeners added. Use emitter.setMaxListeners() to increase limit
2018-08-13 18:53:42: (node:1266) MaxListenersExceededWarning: Possible EventEmitter memory leak detected. 11 data listeners added. Use emitter.setMaxListeners() to increase limit
2018-08-13 18:53:42: (node:1272) MaxListenersExceededWarning: Possible EventEmitter memory leak detected. 11 data listeners added. Use emitter.setMaxListeners() to increase limit
2018-08-13 18:53:42: (node:1266) MaxListenersExceededWarning: Possible EventEmitter memory leak detected. 11 data listeners added. Use emitter.setMaxListeners() to increase limit
2018-08-13 18:53:42: (node:1272) MaxListenersExceededWarning: Possible EventEmitter memory leak detected. 11 data listeners added. Use emitter.setMaxListeners() to increase limit
2018-08-13 18:53:42: (node:1272) MaxListenersExceededWarning: Possible EventEmitter memory leak detected. 11 data listeners added. Use emitter.setMaxListeners() to increase limit
2018-08-13 18:53:42: (node:1266) MaxListenersExceededWarning: Possible EventEmitter memory leak detected. 11 data listeners added. Use emitter.setMaxListeners() to increase limit
2018-08-13 18:53:43: (node:1266) MaxListenersExceededWarning: Possible EventEmitter memory leak detected. 11 data listeners added. Use emitter.setMaxListeners() to increase limit
2018-08-13 18:53:43: (node:1272) MaxListenersExceededWarning: Possible EventEmitter memory leak detected. 11 data listeners added. Use emitter.setMaxListeners() to increase limit
2018-08-13 18:53:43: (node:1272) MaxListenersExceededWarning: Possible EventEmitter memory leak detected. 11 data listeners added. Use emitter.setMaxListeners() to increase limit
2018-08-13 18:53:43: (node:1266) MaxListenersExceededWarning: Possible EventEmitter memory leak detected. 11 data listeners added. Use emitter.setMaxListeners() to increase limit
2018-08-13 18:53:43: (node:1266) MaxListenersExceededWarning: Possible EventEmitter memory leak detected. 11 data listeners added. Use emitter.setMaxListeners() to increase limit
2018-08-13 18:53:44: (node:1266) MaxListenersExceededWarning: Possible EventEmitter memory leak detected. 11 data listeners added. Use emitter.setMaxListeners() to increase limit
2018-08-13 18:53:44: (node:1272) MaxListenersExceededWarning: Possible EventEmitter memory leak detected. 11 data listeners added. Use emitter.setMaxListeners() to increase limit
2018-08-13 18:53:44: (node:1272) MaxListenersExceededWarning: Possible EventEmitter memory leak detected. 11 data listeners added. Use emitter.setMaxListeners() to increase limit
2018-08-13 18:53:44: (node:1266) MaxListenersExceededWarning: Possible EventEmitter memory leak detected. 11 data listeners added. Use emitter.setMaxListeners() to increase limit
2018-08-13 18:53:44: (node:1272) MaxListenersExceededWarning: Possible EventEmitter memory leak detected. 11 data listeners added. Use emitter.setMaxListeners() to increase limit
2018-08-13 18:53:44: (node:1272) MaxListenersExceededWarning: Possible EventEmitter memory leak detected. 11 data listeners added. Use emitter.setMaxListeners() to increase limit
2018-08-13 18:53:44: (node:1272) MaxListenersExceededWarning: Possible EventEmitter memory leak detected. 11 data listeners added. Use emitter.setMaxListeners() to increase limit
2018-08-13 18:53:45: (node:1266) MaxListenersExceededWarning: Possible EventEmitter memory leak detected. 11 data listeners added. Use emitter.setMaxListeners() to increase limit
2018-08-13 18:53:45: (node:1272) MaxListenersExceededWarning: Possible EventEmitter memory leak detected. 11 data listeners added. Use emitter.setMaxListeners() to increase limit
2018-08-13 18:53:45: (node:1266) MaxListenersExceededWarning: Possible EventEmitter memory leak detected. 11 data listeners added. Use emitter.setMaxListeners() to increase limit
2018-08-13 18:53:45: (node:1266) MaxListenersExceededWarning: Possible EventEmitter memory leak detected. 11 data listeners added. Use emitter.setMaxListeners() to increase limit
2018-08-13 18:53:45: (node:1272) MaxListenersExceededWarning: Possible EventEmitter memory leak detected. 11 data listeners added. Use emitter.setMaxListeners() to increase limit
2018-08-13 18:53:45: (node:1272) MaxListenersExceededWarning: Possible EventEmitter memory leak detected. 11 data listeners added. Use emitter.setMaxListeners() to increase limit
2018-08-13 18:53:45: (node:1266) MaxListenersExceededWarning: Possible EventEmitter memory leak detected. 11 data listeners added. Use emitter.setMaxListeners() to increase limit
2018-08-13 18:53:45: (node:1266) MaxListenersExceededWarning: Possible EventEmitter memory leak detected. 11 data listeners added. Use emitter.setMaxListeners() to increase limit
2018-08-13 18:53:45: (node:1266) MaxListenersExceededWarning: Possible EventEmitter memory leak detected. 11 data listeners added. Use emitter.setMaxListeners() to increase limit
2018-08-13 18:53:46: (node:1272) MaxListenersExceededWarning: Possible EventEmitter memory leak detected. 11 data listeners added. Use emitter.setMaxListeners() to increase limit
2018-08-13 18:53:46: (node:1272) MaxListenersExceededWarning: Possible EventEmitter memory leak detected. 11 data listeners added. Use emitter.setMaxListeners() to increase limit
2018-08-13 18:53:46: (node:1266) MaxListenersExceededWarning: Possible EventEmitter memory leak detected. 11 data listeners added. Use emitter.setMaxListeners() to increase limit
2018-08-13 18:53:46: (node:1272) MaxListenersExceededWarning: Possible EventEmitter memory leak detected. 11 data listeners added. Use emitter.setMaxListeners() to increase limit
2018-08-13 18:53:46: (node:1266) MaxListenersExceededWarning: Possible EventEmitter memory leak detected. 11 data listeners added. Use emitter.setMaxListeners() to increase limit
2018-08-13 18:53:46: (node:1266) MaxListenersExceededWarning: Possible EventEmitter memory leak detected. 11 data listeners added. Use emitter.setMaxListeners() to increase limit
2018-08-13 18:53:46: (node:1272) MaxListenersExceededWarning: Possible EventEmitter memory leak detected. 11 data listeners added. Use emitter.setMaxListeners() to increase limit
2018-08-13 18:53:46: (node:1272) MaxListenersExceededWarning: Possible EventEmitter memory leak detected. 11 data listeners added. Use emitter.setMaxListeners() to increase limit
2018-08-13 18:53:46: (node:1266) MaxListenersExceededWarning: Possible EventEmitter memory leak detected. 11 data listeners added. Use emitter.setMaxListeners() to increase limit
2018-08-13 18:53:47: (node:1272) MaxListenersExceededWarning: Possible EventEmitter memory leak detected. 11 data listeners added. Use emitter.setMaxListeners() to increase limit
2018-08-13 18:53:47: (node:1266) MaxListenersExceededWarning: Possible EventEmitter memory leak detected. 11 data listeners added. Use emitter.setMaxListeners() to increase limit
2018-08-13 18:53:47: (node:1272) MaxListenersExceededWarning: Possible EventEmitter memory leak detected. 11 data listeners added. Use emitter.setMaxListeners() to increase limit
2018-08-13 18:53:47: (node:1272) MaxListenersExceededWarning: Possible EventEmitter memory leak detected. 11 data listeners added. Use emitter.setMaxListeners() to increase limit
2018-08-13 18:53:47: (node:1266) MaxListenersExceededWarning: Possible EventEmitter memory leak detected. 11 data listeners added. Use emitter.setMaxListeners() to increase limit
2018-08-13 18:53:48: (node:1266) MaxListenersExceededWarning: Possible EventEmitter memory leak detected. 11 data listeners added. Use emitter.setMaxListeners() to increase limit
2018-08-13 18:53:48: (node:1272) MaxListenersExceededWarning: Possible EventEmitter memory leak detected. 11 data listeners added. Use emitter.setMaxListeners() to increase limit
2018-08-13 18:53:48: (node:1266) MaxListenersExceededWarning: Possible EventEmitter memory leak detected. 11 data listeners added. Use emitter.setMaxListeners() to increase limit
2018-08-13 18:53:48: (node:1266) MaxListenersExceededWarning: Possible EventEmitter memory leak detected. 11 data listeners added. Use emitter.setMaxListeners() to increase limit
2018-08-13 18:53:48: (node:1266) MaxListenersExceededWarning: Possible EventEmitter memory leak detected. 11 data listeners added. Use emitter.setMaxListeners() to increase limit
2018-08-13 18:53:48: (node:1272) MaxListenersExceededWarning: Possible EventEmitter memory leak detected. 11 data listeners added. Use emitter.setMaxListeners() to increase limit
2018-08-13 18:53:48: (node:1272) MaxListenersExceededWarning: Possible EventEmitter memory leak detected. 11 data listeners added. Use emitter.setMaxListeners() to increase limit
2018-08-13 18:53:48: (node:1266) MaxListenersExceededWarning: Possible EventEmitter memory leak detected. 11 data listeners added. Use emitter.setMaxListeners() to increase limit
2018-08-13 18:53:48: (node:1266) MaxListenersExceededWarning: Possible EventEmitter memory leak detected. 11 data listeners added. Use emitter.setMaxListeners() to increase limit
2018-08-13 18:53:49: (node:1266) MaxListenersExceededWarning: Possible EventEmitter memory leak detected. 11 data listeners added. Use emitter.setMaxListeners() to increase limit
2018-08-13 18:53:49: (node:1272) MaxListenersExceededWarning: Possible EventEmitter memory leak detected. 11 data listeners added. Use emitter.setMaxListeners() to increase limit
2018-08-13 18:53:49: (node:1272) MaxListenersExceededWarning: Possible EventEmitter memory leak detected. 11 data listeners added. Use emitter.setMaxListeners() to increase limit
2018-08-13 18:53:49: (node:1272) MaxListenersExceededWarning: Possible EventEmitter memory leak detected. 11 data listeners added. Use emitter.setMaxListeners() to increase limit
2018-08-13 18:53:49: (node:1272) MaxListenersExceededWarning: Possible EventEmitter memory leak detected. 11 data listeners added. Use emitter.setMaxListeners() to increase limit
2018-08-13 18:53:49: (node:1272) MaxListenersExceededWarning: Possible EventEmitter memory leak detected. 11 data listeners added. Use emitter.setMaxListeners() to increase limit
2018-08-13 18:53:49: (node:1266) MaxListenersExceededWarning: Possible EventEmitter memory leak detected. 11 data listeners added. Use emitter.setMaxListeners() to increase limit
2018-08-13 18:53:49: (node:1266) MaxListenersExceededWarning: Possible EventEmitter memory leak detected. 11 data listeners added. Use emitter.setMaxListeners() to increase limit
2018-08-13 18:53:50: (node:1266) MaxListenersExceededWarning: Possible EventEmitter memory leak detected. 11 data listeners added. Use emitter.setMaxListeners() to increase limit
2018-08-13 18:53:50: (node:1266) MaxListenersExceededWarning: Possible EventEmitter memory leak detected. 11 data listeners added. Use emitter.setMaxListeners() to increase limit
2018-08-13 18:53:50: (node:1266) MaxListenersExceededWarning: Possible EventEmitter memory leak detected. 11 data listeners added. Use emitter.setMaxListeners() to increase limit
2018-08-13 18:53:50: (node:1272) MaxListenersExceededWarning: Possible EventEmitter memory leak detected. 11 data listeners added. Use emitter.setMaxListeners() to increase limit
2018-08-13 18:53:50: (node:1272) MaxListenersExceededWarning: Possible EventEmitter memory leak detected. 11 data listeners added. Use emitter.setMaxListeners() to increase limit
2018-08-13 18:53:50: (node:1266) MaxListenersExceededWarning: Possible EventEmitter memory leak detected. 11 data listeners added. Use emitter.setMaxListeners() to increase limit
2018-08-13 18:53:50: (node:1272) MaxListenersExceededWarning: Possible EventEmitter memory leak detected. 11 data listeners added. Use emitter.setMaxListeners() to increase limit
2018-08-13 18:53:50: (node:1266) MaxListenersExceededWarning: Possible EventEmitter memory leak detected. 11 data listeners added. Use emitter.setMaxListeners() to increase limit
2018-08-13 18:53:50: (node:1272) MaxListenersExceededWarning: Possible EventEmitter memory leak detected. 11 data listeners added. Use emitter.setMaxListeners() to increase limit
2018-08-13 18:53:50: (node:1272) MaxListenersExceededWarning: Possible EventEmitter memory leak detected. 11 data listeners added. Use emitter.setMaxListeners() to increase limit
2018-08-13 18:53:50: (node:1266) MaxListenersExceededWarning: Possible EventEmitter memory leak detected. 11 data listeners added. Use emitter.setMaxListeners() to increase limit
2018-08-13 18:53:50: (node:1266) MaxListenersExceededWarning: Possible EventEmitter memory leak detected. 11 data listeners added. Use emitter.setMaxListeners() to increase limit
2018-08-13 18:53:50: (node:1272) MaxListenersExceededWarning: Possible EventEmitter memory leak detected. 11 data listeners added. Use emitter.setMaxListeners() to increase limit
2018-08-13 18:53:50: (node:1272) MaxListenersExceededWarning: Possible EventEmitter memory leak detected. 11 data listeners added. Use emitter.setMaxListeners() to increase limit
2018-08-13 18:53:50: (node:1272) MaxListenersExceededWarning: Possible EventEmitter memory leak detected. 11 data listeners added. Use emitter.setMaxListeners() to increase limit
2018-08-13 18:53:51: (node:1266) MaxListenersExceededWarning: Possible EventEmitter memory leak detected. 11 data listeners added. Use emitter.setMaxListeners() to increase limit
2018-08-13 18:53:51: (node:1272) MaxListenersExceededWarning: Possible EventEmitter memory leak detected. 11 data listeners added. Use emitter.setMaxListeners() to increase limit
2018-08-13 18:53:51: (node:1272) MaxListenersExceededWarning: Possible EventEmitter memory leak detected. 11 data listeners added. Use emitter.setMaxListeners() to increase limit
2018-08-13 18:53:51: (node:1272) MaxListenersExceededWarning: Possible EventEmitter memory leak detected. 11 data listeners added. Use emitter.setMaxListeners() to increase limit
2018-08-13 18:53:51: (node:1266) MaxListenersExceededWarning: Possible EventEmitter memory leak detected. 11 data listeners added. Use emitter.setMaxListeners() to increase limit
2018-08-13 18:53:51: (node:1266) MaxListenersExceededWarning: Possible EventEmitter memory leak detected. 11 data listeners added. Use emitter.setMaxListeners() to increase limit
2018-08-13 18:53:51: (node:1272) MaxListenersExceededWarning: Possible EventEmitter memory leak detected. 11 data listeners added. Use emitter.setMaxListeners() to increase limit
2018-08-13 18:53:51: (node:1266) MaxListenersExceededWarning: Possible EventEmitter memory leak detected. 11 data listeners added. Use emitter.setMaxListeners() to increase limit
2018-08-13 18:53:51: (node:1266) MaxListenersExceededWarning: Possible EventEmitter memory leak detected. 11 data listeners added. Use emitter.setMaxListeners() to increase limit
2018-08-13 18:53:51: (node:1266) MaxListenersExceededWarning: Possible EventEmitter memory leak detected. 11 data listeners added. Use emitter.setMaxListeners() to increase limit
2018-08-13 18:53:52: (node:1266) MaxListenersExceededWarning: Possible EventEmitter memory leak detected. 11 data listeners added. Use emitter.setMaxListeners() to increase limit
2018-08-13 18:53:52: (node:1266) MaxListenersExceededWarning: Possible EventEmitter memory leak detected. 11 data listeners added. Use emitter.setMaxListeners() to increase limit
2018-08-13 18:53:52: (node:1266) MaxListenersExceededWarning: Possible EventEmitter memory leak detected. 11 data listeners added. Use emitter.setMaxListeners() to increase limit
2018-08-13 18:53:52: (node:1272) MaxListenersExceededWarning: Possible EventEmitter memory leak detected. 11 data listeners added. Use emitter.setMaxListeners() to increase limit
2018-08-13 18:53:52: (node:1272) MaxListenersExceededWarning: Possible EventEmitter memory leak detected. 11 data listeners added. Use emitter.setMaxListeners() to increase limit
2018-08-13 18:53:52: (node:1272) MaxListenersExceededWarning: Possible EventEmitter memory leak detected. 11 data listeners added. Use emitter.setMaxListeners() to increase limit
2018-08-13 18:53:52: (node:1272) MaxListenersExceededWarning: Possible EventEmitter memory leak detected. 11 data listeners added. Use emitter.setMaxListeners() to increase limit
2018-08-13 18:53:52: (node:1266) MaxListenersExceededWarning: Possible EventEmitter memory leak detected. 11 data listeners added. Use emitter.setMaxListeners() to increase limit
2018-08-13 18:53:52: (node:1272) MaxListenersExceededWarning: Possible EventEmitter memory leak detected. 11 data listeners added. Use emitter.setMaxListeners() to increase limit
2018-08-13 18:53:52: (node:1272) MaxListenersExceededWarning: Possible EventEmitter memory leak detected. 11 data listeners added. Use emitter.setMaxListeners() to increase limit
2018-08-13 18:53:52: (node:1266) MaxListenersExceededWarning: Possible EventEmitter memory leak detected. 11 data listeners added. Use emitter.setMaxListeners() to increase limit
2018-08-13 18:53:52: (node:1266) MaxListenersExceededWarning: Possible EventEmitter memory leak detected. 11 data listeners added. Use emitter.setMaxListeners() to increase limit
2018-08-13 18:53:52: (node:1272) MaxListenersExceededWarning: Possible EventEmitter memory leak detected. 11 data listeners added. Use emitter.setMaxListeners() to increase limit
2018-08-13 18:53:52: (node:1266) MaxListenersExceededWarning: Possible EventEmitter memory leak detected. 11 data listeners added. Use emitter.setMaxListeners() to increase limit
2018-08-13 18:53:53: (node:1266) MaxListenersExceededWarning: Possible EventEmitter memory leak detected. 11 data listeners added. Use emitter.setMaxListeners() to increase limit
2018-08-13 18:53:53: (node:1272) MaxListenersExceededWarning: Possible EventEmitter memory leak detected. 11 data listeners added. Use emitter.setMaxListeners() to increase limit
2018-08-13 18:53:53: (node:1272) MaxListenersExceededWarning: Possible EventEmitter memory leak detected. 11 data listeners added. Use emitter.setMaxListeners() to increase limit
2018-08-13 18:53:53: (node:1272) MaxListenersExceededWarning: Possible EventEmitter memory leak detected. 11 data listeners added. Use emitter.setMaxListeners() to increase limit
2018-08-13 18:53:53: (node:1266) MaxListenersExceededWarning: Possible EventEmitter memory leak detected. 11 data listeners added. Use emitter.setMaxListeners() to increase limit
2018-08-13 18:53:53: (node:1272) MaxListenersExceededWarning: Possible EventEmitter memory leak detected. 11 data listeners added. Use emitter.setMaxListeners() to increase limit
2018-08-13 18:53:53: (node:1266) MaxListenersExceededWarning: Possible EventEmitter memory leak detected. 11 data listeners added. Use emitter.setMaxListeners() to increase limit
2018-08-13 18:53:53: (node:1272) MaxListenersExceededWarning: Possible EventEmitter memory leak detected. 11 data listeners added. Use emitter.setMaxListeners() to increase limit
2018-08-13 18:53:53: (node:1272) MaxListenersExceededWarning: Possible EventEmitter memory leak detected. 11 data listeners added. Use emitter.setMaxListeners() to increase limit
2018-08-13 18:53:53: (node:1266) MaxListenersExceededWarning: Possible EventEmitter memory leak detected. 11 data listeners added. Use emitter.setMaxListeners() to increase limit
2018-08-13 18:53:53: (node:1272) MaxListenersExceededWarning: Possible EventEmitter memory leak detected. 11 data listeners added. Use emitter.setMaxListeners() to increase limit
2018-08-13 18:53:53: (node:1266) MaxListenersExceededWarning: Possible EventEmitter memory leak detected. 11 data listeners added. Use emitter.setMaxListeners() to increase limit
2018-08-13 18:53:53: (node:1272) MaxListenersExceededWarning: Possible EventEmitter memory leak detected. 11 data listeners added. Use emitter.setMaxListeners() to increase limit
2018-08-13 18:53:53: (node:1266) MaxListenersExceededWarning: Possible EventEmitter memory leak detected. 11 data listeners added. Use emitter.setMaxListeners() to increase limit
2018-08-13 18:53:54: (node:1266) MaxListenersExceededWarning: Possible EventEmitter memory leak detected. 11 data listeners added. Use emitter.setMaxListeners() to increase limit
2018-08-13 18:53:54: (node:1266) MaxListenersExceededWarning: Possible EventEmitter memory leak detected. 11 data listeners added. Use emitter.setMaxListeners() to increase limit
2018-08-13 18:53:54: (node:1272) MaxListenersExceededWarning: Possible EventEmitter memory leak detected. 11 data listeners added. Use emitter.setMaxListeners() to increase limit
2018-08-13 18:53:54: (node:1272) MaxListenersExceededWarning: Possible EventEmitter memory leak detected. 11 data listeners added. Use emitter.setMaxListeners() to increase limit
2018-08-13 18:53:54: (node:1272) MaxListenersExceededWarning: Possible EventEmitter memory leak detected. 11 data listeners added. Use emitter.setMaxListeners() to increase limit
2018-08-13 18:53:54: (node:1266) MaxListenersExceededWarning: Possible EventEmitter memory leak detected. 11 data listeners added. Use emitter.setMaxListeners() to increase limit
2018-08-13 18:53:54: (node:1266) MaxListenersExceededWarning: Possible EventEmitter memory leak detected. 11 data listeners added. Use emitter.setMaxListeners() to increase limit
2018-08-13 18:53:54: (node:1266) MaxListenersExceededWarning: Possible EventEmitter memory leak detected. 11 data listeners added. Use emitter.setMaxListeners() to increase limit
2018-08-13 18:53:54: (node:1272) MaxListenersExceededWarning: Possible EventEmitter memory leak detected. 11 data listeners added. Use emitter.setMaxListeners() to increase limit
2018-08-13 18:53:54: (node:1266) MaxListenersExceededWarning: Possible EventEmitter memory leak detected. 11 data listeners added. Use emitter.setMaxListeners() to increase limit
2018-08-13 18:53:54: (node:1272) MaxListenersExceededWarning: Possible EventEmitter memory leak detected. 11 data listeners added. Use emitter.setMaxListeners() to increase limit
2018-08-13 18:53:54: (node:1272) MaxListenersExceededWarning: Possible EventEmitter memory leak detected. 11 data listeners added. Use emitter.setMaxListeners() to increase limit
2018-08-13 18:53:54: (node:1266) MaxListenersExceededWarning: Possible EventEmitter memory leak detected. 11 data listeners added. Use emitter.setMaxListeners() to increase limit
2018-08-13 18:53:54: (node:1272) MaxListenersExceededWarning: Possible EventEmitter memory leak detected. 11 data listeners added. Use emitter.setMaxListeners() to increase limit
2018-08-13 18:53:54: (node:1272) MaxListenersExceededWarning: Possible EventEmitter memory leak detected. 11 data listeners added. Use emitter.setMaxListeners() to increase limit
2018-08-13 18:53:55: (node:1266) MaxListenersExceededWarning: Possible EventEmitter memory leak detected. 11 data listeners added. Use emitter.setMaxListeners() to increase limit
2018-08-13 18:53:55: (node:1272) MaxListenersExceededWarning: Possible EventEmitter memory leak detected. 11 data listeners added. Use emitter.setMaxListeners() to increase limit
2018-08-13 18:53:55: (node:1266) MaxListenersExceededWarning: Possible EventEmitter memory leak detected. 11 data listeners added. Use emitter.setMaxListeners() to increase limit
2018-08-13 18:53:55: (node:1266) MaxListenersExceededWarning: Possible EventEmitter memory leak detected. 11 data listeners added. Use emitter.setMaxListeners() to increase limit
2018-08-13 18:53:55: (node:1272) MaxListenersExceededWarning: Possible EventEmitter memory leak detected. 11 data listeners added. Use emitter.setMaxListeners() to increase limit
2018-08-13 18:53:55: (node:1266) MaxListenersExceededWarning: Possible EventEmitter memory leak detected. 11 data listeners added. Use emitter.setMaxListeners() to increase limit
2018-08-13 18:53:55: (node:1266) MaxListenersExceededWarning: Possible EventEmitter memory leak detected. 11 data listeners added. Use emitter.setMaxListeners() to increase limit
2018-08-13 18:53:55: (node:1266) MaxListenersExceededWarning: Possible EventEmitter memory leak detected. 11 data listeners added. Use emitter.setMaxListeners() to increase limit
2018-08-13 18:53:55: (node:1272) MaxListenersExceededWarning: Possible EventEmitter memory leak detected. 11 data listeners added. Use emitter.setMaxListeners() to increase limit
2018-08-13 18:53:55: (node:1266) MaxListenersExceededWarning: Possible EventEmitter memory leak detected. 11 data listeners added. Use emitter.setMaxListeners() to increase limit
2018-08-13 18:53:55: (node:1272) MaxListenersExceededWarning: Possible EventEmitter memory leak detected. 11 data listeners added. Use emitter.setMaxListeners() to increase limit
2018-08-13 18:53:55: (node:1272) MaxListenersExceededWarning: Possible EventEmitter memory leak detected. 11 data listeners added. Use emitter.setMaxListeners() to increase limit
2018-08-13 18:53:55: (node:1266) MaxListenersExceededWarning: Possible EventEmitter memory leak detected. 11 data listeners added. Use emitter.setMaxListeners() to increase limit
2018-08-13 18:53:55: (node:1266) MaxListenersExceededWarning: Possible EventEmitter memory leak detected. 11 data listeners added. Use emitter.setMaxListeners() to increase limit
2018-08-13 18:53:55: (node:1272) MaxListenersExceededWarning: Possible EventEmitter memory leak detected. 11 data listeners added. Use emitter.setMaxListeners() to increase limit
2018-08-13 18:53:55: (node:1272) MaxListenersExceededWarning: Possible EventEmitter memory leak detected. 11 data listeners added. Use emitter.setMaxListeners() to increase limit
2018-08-13 18:53:55: (node:1266) MaxListenersExceededWarning: Possible EventEmitter memory leak detected. 11 data listeners added. Use emitter.setMaxListeners() to increase limit
2018-08-13 18:53:56: (node:1272) MaxListenersExceededWarning: Possible EventEmitter memory leak detected. 11 data listeners added. Use emitter.setMaxListeners() to increase limit
2018-08-13 18:53:56: (node:1266) MaxListenersExceededWarning: Possible EventEmitter memory leak detected. 11 data listeners added. Use emitter.setMaxListeners() to increase limit
2018-08-13 18:53:56: (node:1266) MaxListenersExceededWarning: Possible EventEmitter memory leak detected. 11 data listeners added. Use emitter.setMaxListeners() to increase limit
2018-08-13 18:53:56: (node:1272) MaxListenersExceededWarning: Possible EventEmitter memory leak detected. 11 data listeners added. Use emitter.setMaxListeners() to increase limit
2018-08-13 18:53:56: (node:1272) MaxListenersExceededWarning: Possible EventEmitter memory leak detected. 11 data listeners added. Use emitter.setMaxListeners() to increase limit
2018-08-13 18:53:56: (node:1266) MaxListenersExceededWarning: Possible EventEmitter memory leak detected. 11 data listeners added. Use emitter.setMaxListeners() to increase limit
2018-08-13 18:53:56: (node:1266) MaxListenersExceededWarning: Possible EventEmitter memory leak detected. 11 data listeners added. Use emitter.setMaxListeners() to increase limit
2018-08-13 18:53:56: (node:1266) MaxListenersExceededWarning: Possible EventEmitter memory leak detected. 11 data listeners added. Use emitter.setMaxListeners() to increase limit
2018-08-13 18:53:56: (node:1272) MaxListenersExceededWarning: Possible EventEmitter memory leak detected. 11 data listeners added. Use emitter.setMaxListeners() to increase limit
2018-08-13 18:53:56: (node:1266) MaxListenersExceededWarning: Possible EventEmitter memory leak detected. 11 data listeners added. Use emitter.setMaxListeners() to increase limit
2018-08-13 18:53:56: (node:1272) MaxListenersExceededWarning: Possible EventEmitter memory leak detected. 11 data listeners added. Use emitter.setMaxListeners() to increase limit
2018-08-13 18:53:56: (node:1266) MaxListenersExceededWarning: Possible EventEmitter memory leak detected. 11 data listeners added. Use emitter.setMaxListeners() to increase limit
2018-08-13 18:53:56: (node:1272) MaxListenersExceededWarning: Possible EventEmitter memory leak detected. 11 data listeners added. Use emitter.setMaxListeners() to increase limit
2018-08-13 18:53:56: (node:1272) MaxListenersExceededWarning: Possible EventEmitter memory leak detected. 11 data listeners added. Use emitter.setMaxListeners() to increase limit
2018-08-13 18:53:56: (node:1272) MaxListenersExceededWarning: Possible EventEmitter memory leak detected. 11 data listeners added. Use emitter.setMaxListeners() to increase limit
2018-08-13 18:53:56: (node:1266) MaxListenersExceededWarning: Possible EventEmitter memory leak detected. 11 data listeners added. Use emitter.setMaxListeners() to increase limit
2018-08-13 18:53:56: (node:1272) MaxListenersExceededWarning: Possible EventEmitter memory leak detected. 11 data listeners added. Use emitter.setMaxListeners() to increase limit
2018-08-13 18:53:56: (node:1266) MaxListenersExceededWarning: Possible EventEmitter memory leak detected. 11 data listeners added. Use emitter.setMaxListeners() to increase limit
2018-08-13 18:53:56: (node:1266) MaxListenersExceededWarning: Possible EventEmitter memory leak detected. 11 data listeners added. Use emitter.setMaxListeners() to increase limit
2018-08-13 18:53:56: (node:1272) MaxListenersExceededWarning: Possible EventEmitter memory leak detected. 11 data listeners added. Use emitter.setMaxListeners() to increase limit
2018-08-13 18:53:56: (node:1266) MaxListenersExceededWarning: Possible EventEmitter memory leak detected. 11 data listeners added. Use emitter.setMaxListeners() to increase limit
2018-08-13 18:53:56: (node:1266) MaxListenersExceededWarning: Possible EventEmitter memory leak detected. 11 data listeners added. Use emitter.setMaxListeners() to increase limit
2018-08-13 18:53:57: (node:1272) MaxListenersExceededWarning: Possible EventEmitter memory leak detected. 11 data listeners added. Use emitter.setMaxListeners() to increase limit
2018-08-13 18:53:57: (node:1266) MaxListenersExceededWarning: Possible EventEmitter memory leak detected. 11 data listeners added. Use emitter.setMaxListeners() to increase limit
2018-08-13 18:53:57: (node:1272) MaxListenersExceededWarning: Possible EventEmitter memory leak detected. 11 data listeners added. Use emitter.setMaxListeners() to increase limit
2018-08-13 18:53:57: (node:1266) MaxListenersExceededWarning: Possible EventEmitter memory leak detected. 11 data listeners added. Use emitter.setMaxListeners() to increase limit
2018-08-13 18:53:57: (node:1272) MaxListenersExceededWarning: Possible EventEmitter memory leak detected. 11 data listeners added. Use emitter.setMaxListeners() to increase limit
2018-08-13 18:53:57: (node:1272) MaxListenersExceededWarning: Possible EventEmitter memory leak detected. 11 data listeners added. Use emitter.setMaxListeners() to increase limit
2018-08-13 18:53:57: (node:1266) MaxListenersExceededWarning: Possible EventEmitter memory leak detected. 11 data listeners added. Use emitter.setMaxListeners() to increase limit
2018-08-13 18:53:57: (node:1272) MaxListenersExceededWarning: Possible EventEmitter memory leak detected. 11 data listeners added. Use emitter.setMaxListeners() to increase limit
2018-08-13 18:53:57: (node:1266) MaxListenersExceededWarning: Possible EventEmitter memory leak detected. 11 data listeners added. Use emitter.setMaxListeners() to increase limit
2018-08-13 18:53:57: (node:1266) MaxListenersExceededWarning: Possible EventEmitter memory leak detected. 11 data listeners added. Use emitter.setMaxListeners() to increase limit
2018-08-13 18:53:57: (node:1272) MaxListenersExceededWarning: Possible EventEmitter memory leak detected. 11 data listeners added. Use emitter.setMaxListeners() to increase limit
2018-08-13 18:53:57: (node:1272) MaxListenersExceededWarning: Possible EventEmitter memory leak detected. 11 data listeners added. Use emitter.setMaxListeners() to increase limit
2018-08-13 18:53:57: (node:1272) MaxListenersExceededWarning: Possible EventEmitter memory leak detected. 11 data listeners added. Use emitter.setMaxListeners() to increase limit
